2018-02-24 00:36:49,848 [16] INFO  - [Start] FileName u3eiyhct.vtt
2018-02-24 00:36:49,874 [16] INFO  - [Launch command] ipfs add u3eiyhct.vtt
2018-02-24 00:36:50,024 [16] INFO  - [End] Hash QmThGQg6F7xgJxpRdSTZZPfHbXdgZAMZQAwHh5Nu9yZ5Fk / FileSize 219
2018-02-24 00:36:59,027 [16] INFO  - [Start] FileName ltfxu3j1.vtt
2018-02-24 00:36:59,028 [16] INFO  - [Launch command] ipfs add ltfxu3j1.vtt
2018-02-24 00:36:59,174 [16] INFO  - [End] Hash QmbvK7MUUtide7bDSi8qxT27fZPZAR37JUkv1ZdwvApKiA / FileSize 1286
2018-02-24 18:47:27,978 [14] INFO  - [Start] FileName sxvhomwu.vtt
2018-02-24 18:47:27,996 [14] INFO  - [Launch command] ipfs add sxvhomwu.vtt
2018-02-24 18:47:28,348 [14] INFO  - [End] Hash QmbMh55jwre1nSDomBg9YLQ89qcLAZb5GH8VYWnh6Hm6sg / FileSize 967
2018-02-24 18:47:37,351 [14] INFO  - [Start] FileName 0y0mdurw.vtt
2018-02-24 18:47:37,351 [14] INFO  - [Launch command] ipfs add 0y0mdurw.vtt
2018-02-24 18:47:37,496 [14] INFO  - [End] Hash QmVbTMX8QESPsXVrtFP9XvPmNH7gdSXj8hoS39ZUNrXAyS / FileSize 890
2018-02-24 18:50:13,510 [14] INFO  - [Start] FileName jrud0vnh.vtt
2018-02-24 18:50:13,510 [14] INFO  - [Launch command] ipfs add jrud0vnh.vtt
2018-02-24 18:50:13,653 [14] INFO  - [End] Hash QmbMh55jwre1nSDomBg9YLQ89qcLAZb5GH8VYWnh6Hm6sg / FileSize 967
2018-02-24 18:50:21,654 [14] INFO  - [Start] FileName nf0b5gmf.vtt
2018-02-24 18:50:21,655 [14] INFO  - [Launch command] ipfs add nf0b5gmf.vtt
2018-02-24 18:50:21,898 [14] INFO  - [End] Hash QmVbTMX8QESPsXVrtFP9XvPmNH7gdSXj8hoS39ZUNrXAyS / FileSize 890
2018-03-06 15:57:20,677 [13] INFO  - [Start] FileName xi0nt1xl.vtt
2018-03-06 15:57:20,698 [13] INFO  - [Launch command] ipfs add xi0nt1xl.vtt
2018-03-06 15:57:20,848 [13] INFO  - [End] Hash QmbMh55jwre1nSDomBg9YLQ89qcLAZb5GH8VYWnh6Hm6sg / FileSize 967
2018-03-06 15:58:00,855 [13] INFO  - [Start] FileName 0fu4kt5e.png
2018-03-06 15:58:00,855 [13] INFO  - [Launch command] ipfs add 0fu4kt5e.png
2018-03-06 15:58:01,102 [13] INFO  - [End] Hash QmT9y8TwYKQSXym16vXLibcL8H18ndCmNi53nVrxTz2qH8 / FileSize 16459
2018-03-06 15:58:02,103 [13] INFO  - [Start] FileName 4gkpc5bt.png
2018-03-06 15:58:02,103 [13] INFO  - [Launch command] ipfs add 4gkpc5bt.png
2018-03-06 15:58:02,448 [13] INFO  - [End] Hash QmdsNBq675r4b4odnqNyGuYS14vbmqXiyT9fJSxeoC7bJD / FileSize 18563
2018-03-06 15:58:43,452 [13] INFO  - [Start] FileName vvvg0ifi.png
2018-03-06 15:58:43,452 [13] INFO  - [Launch command] ipfs add vvvg0ifi.png
2018-03-06 15:58:43,692 [13] INFO  - [End] Hash QmPjVSDiwVHNvJqgvAnSeVYE5nW1Net9RauKWaXdzigJsz / FileSize 9328
2018-03-06 15:58:44,693 [13] INFO  - [Start] FileName z0wv2pcd.png
2018-03-06 15:58:44,693 [13] INFO  - [Launch command] ipfs add z0wv2pcd.png
2018-03-06 15:58:44,938 [13] INFO  - [End] Hash QmWdBVhhSd3aTqLUMQYPGEDGf7vpHQ4pusCHuQyga3nJox / FileSize 11925
2018-03-06 15:59:52,944 [13] INFO  - [Start] FileName glzoa5eg.png
2018-03-06 15:59:52,944 [13] INFO  - [Launch command] ipfs add glzoa5eg.png
2018-03-06 15:59:53,186 [13] INFO  - [End] Hash QmUrKJLBhRMxAPJXDbkGkU2guxcUrafcNcsQFM27dBADsb / FileSize 60313
2018-03-06 15:59:54,186 [13] INFO  - [Start] FileName je55stpo.png
2018-03-06 15:59:54,186 [13] INFO  - [Launch command] ipfs add je55stpo.png
2018-03-06 15:59:54,430 [13] INFO  - [End] Hash QmSgQC2VLV5oAQCQzzFWHt7bfDW7LPXVtjYDJh2ZNVriyJ / FileSize 60388
2018-03-06 22:36:45,466 [13] INFO  - [Start] FileName u3jicjiz.png
2018-03-06 22:36:45,467 [13] INFO  - [Launch command] ipfs add u3jicjiz.png
2018-03-06 22:36:45,813 [13] INFO  - [End] Hash QmaT7LtaL9PWUNeSShzTHLV7cCZJAw3YKF7YzCPBPAtytr / FileSize 40949
2018-03-06 22:36:46,814 [13] INFO  - [Start] FileName onhy325u.png
2018-03-06 22:36:46,814 [13] INFO  - [Launch command] ipfs add onhy325u.png
2018-03-06 22:36:47,058 [13] INFO  - [End] Hash QmULVgUkYuX1ZnLXcn7G5DCbYx1mYm2XEsVb8tC3yswd6s / FileSize 41045
2018-03-06 22:37:27,062 [13] INFO  - [Start] FileName a0xcppwq.png
2018-03-06 22:37:27,062 [13] INFO  - [Launch command] ipfs add a0xcppwq.png
2018-03-06 22:37:27,307 [13] INFO  - [End] Hash QmZQyCZH7TYFNcCkDzCngfgksPs1sufQBC22WCqkEsqMdr / FileSize 35671
2018-03-06 22:37:28,307 [13] INFO  - [Start] FileName aeczqkn4.png
2018-03-06 22:37:28,308 [13] INFO  - [Launch command] ipfs add aeczqkn4.png
2018-03-06 22:37:28,551 [13] INFO  - [End] Hash QmZmqHkpgXq2ycUYFJbX4nmAg6TGAxyLfKafhRYGcQgsMy / FileSize 36962
2018-03-06 22:38:22,556 [13] INFO  - [Start] FileName 1vcl5i0w.png
2018-03-06 22:38:22,556 [13] INFO  - [Launch command] ipfs add 1vcl5i0w.png
2018-03-06 22:38:22,797 [13] INFO  - [End] Hash QmVK47HPedbty9DU5FSiCt99gj9J6TLCptDGYAxDPCGZZQ / FileSize 34420
2018-03-06 22:38:23,798 [13] INFO  - [Start] FileName 0otl0wk2.png
2018-03-06 22:38:23,798 [13] INFO  - [Launch command] ipfs add 0otl0wk2.png
2018-03-06 22:38:23,941 [13] INFO  - [End] Hash QmUgP7F5BaFAprQizCD6jJkYaUZZRqNXET2Rh8JDsRUbqC / FileSize 35091
2018-03-06 22:39:01,945 [13] INFO  - [Start] FileName 4zgi3lp2.png
2018-03-06 22:39:01,945 [13] INFO  - [Launch command] ipfs add 4zgi3lp2.png
2018-03-06 22:39:02,186 [13] INFO  - [End] Hash QmRnMwHmGtKD8BFL2CS4rPHkboyTDq87wKJsM1nSz32mEg / FileSize 43282
2018-03-06 22:39:03,187 [13] INFO  - [Start] FileName koqyilbi.png
2018-03-06 22:39:03,187 [13] INFO  - [Launch command] ipfs add koqyilbi.png
2018-03-06 22:39:03,432 [13] INFO  - [End] Hash Qmcj8rNNDRZyh6qNQeBZ6qrZA7qsxY531BKyaoqajvAdQK / FileSize 44235
2018-03-06 23:46:57,775 [13] INFO  - [Start] FileName 3lbqqzcq.png
2018-03-06 23:46:57,775 [13] INFO  - [Launch command] ipfs add 3lbqqzcq.png
2018-03-06 23:46:57,920 [13] INFO  - [End] Hash QmZUCiJgF3pCh7qCyXzwxe5mzonGNMWDfPcdHsbXpzKwjT / FileSize 43492
2018-03-06 23:46:58,920 [13] INFO  - [Start] FileName ircagecz.png
2018-03-06 23:46:58,920 [13] INFO  - [Launch command] ipfs add ircagecz.png
2018-03-06 23:46:59,064 [13] INFO  - [End] Hash QmbPRJcMKTmHzG4dUR2qDSZSyQN3K6gFib1K1n1kdbKxVy / FileSize 44393
2018-03-07 02:33:01,911 [13] INFO  - [Start] FileName 1os0n040.png
2018-03-07 02:33:01,911 [13] INFO  - [Launch command] ipfs add 1os0n040.png
2018-03-07 02:33:02,055 [13] INFO  - [End] Hash QmQmbcudQ4vCfA9qKdGTbV6omkQh3VhSP212PAsA4w5Qrp / FileSize 43492
2018-03-07 02:33:03,055 [13] INFO  - [Start] FileName pcbkyvuf.png
2018-03-07 02:33:03,055 [13] INFO  - [Launch command] ipfs add pcbkyvuf.png
2018-03-07 02:33:03,299 [13] INFO  - [End] Hash Qmeus1iPThFuwTtV5tmL5RpdiFMzHid4hSxuTJzeUi6ooK / FileSize 44393
2018-03-07 02:34:08,305 [13] INFO  - [Start] FileName alny4iwu.png
2018-03-07 02:34:08,305 [13] INFO  - [Launch command] ipfs add alny4iwu.png
2018-03-07 02:34:08,545 [13] INFO  - [End] Hash QmYc6wi7gpGSSUJWTTmtyjLtuZ69CasAdypTbFP3hTU72V / FileSize 43492
2018-03-07 02:34:09,545 [13] INFO  - [Start] FileName 5qdrbozr.png
2018-03-07 02:34:09,546 [13] INFO  - [Launch command] ipfs add 5qdrbozr.png
2018-03-07 02:34:09,686 [13] INFO  - [End] Hash QmVzQir7fKbXTkdcpFwdP6Yn54QcE3Qmm6mfByu3aDsNwe / FileSize 44393
2018-03-07 02:46:43,752 [13] INFO  - [Start] FileName t40mlaqr.png
2018-03-07 02:46:43,752 [13] INFO  - [Launch command] ipfs add t40mlaqr.png
2018-03-07 02:46:43,995 [13] INFO  - [End] Hash QmZjmvRpujkGTTr7iv1Fd7ML1dD2C96qnEpPFUMWKkx9Gg / FileSize 43492
2018-03-07 02:46:44,996 [13] INFO  - [Start] FileName ep2pwy3h.png
2018-03-07 02:46:44,996 [13] INFO  - [Launch command] ipfs add ep2pwy3h.png
2018-03-07 02:46:45,240 [13] INFO  - [End] Hash QmUx79xSwLqMSq9gY418wBb1Kfb59iUQMz3b18YzcBXZed / FileSize 44393
2018-03-17 14:11:10,285 [15] INFO  - [Start] FileName 04ch223h.32j
2018-03-17 14:11:10,285 [15] INFO  - [Launch command] ipfs add -t 04ch223h.32j
2018-03-17 14:11:11,435 [15] INFO  - [End] Hash QmfQVZpaKZCrsZJ6tAuAzQNRS3s1TADVB9Xq2caizTV5Bm / FileSize 11571947
2018-03-17 14:11:31,437 [15] INFO  - [Start] FileName lop3cu0d.ihs
2018-03-17 14:11:31,443 [15] INFO  - [Launch command] ipfs add -t lop3cu0d.ihs
2018-03-17 14:11:31,685 [15] INFO  - [End] Hash QmfQVZpaKZCrsZJ6tAuAzQNRS3s1TADVB9Xq2caizTV5Bm / FileSize 11571947
2018-03-17 14:18:46,589 [15] INFO  - [Start] FileName rrkpxwdl.bep
2018-03-17 14:18:46,590 [15] INFO  - [Launch command] ipfs add -t rrkpxwdl.bep
2018-03-17 14:18:57,081 [15] INFO  - [End] Hash  / FileSize 11571947
2018-03-17 14:19:51,899 [15] INFO  - [Start] FileName mxylgjhe.swi
2018-03-17 14:19:51,899 [15] INFO  - [Launch command] ipfs add -t mxylgjhe.swi
2018-03-17 14:19:52,206 [15] INFO  - [End] Hash  / FileSize 11571947
2018-03-17 14:27:04,444 [15] INFO  - [Start] FileName yt2yv11s.blc
2018-03-17 14:27:04,445 [15] INFO  - [Launch command] ipfs add -t yt2yv11s.blc
2018-03-17 14:27:04,898 [15] INFO  - [End] Hash QmfQVZpaKZCrsZJ6tAuAzQNRS3s1TADVB9Xq2caizTV5Bm / FileSize 11571947
2018-03-17 18:57:53,005 [15] INFO  - [Start] FileName p1m2apgq.upg
2018-03-17 18:57:53,006 [15] INFO  - [Launch command] ipfs add -t p1m2apgq.upg
2018-03-17 18:57:53,255 [15] INFO  - [End] Hash QmfQVZpaKZCrsZJ6tAuAzQNRS3s1TADVB9Xq2caizTV5Bm / FileSize 11571947
2018-03-17 19:10:33,549 [15] INFO  - [Start] FileName b2icyf2a.zgl
2018-03-17 19:10:33,549 [15] INFO  - [Launch command] ipfs add -t b2icyf2a.zgl
2018-03-17 19:10:33,874 [15] INFO  - [End] Hash QmfQVZpaKZCrsZJ6tAuAzQNRS3s1TADVB9Xq2caizTV5Bm / FileSize 11571947
2018-03-17 19:12:44,426 [15] INFO  - [Start] FileName kstfouu3.mti
2018-03-17 19:12:44,426 [15] INFO  - [Launch command] ipfs add -t kstfouu3.mti
2018-03-17 19:12:44,677 [15] INFO  - [End] Hash QmfQVZpaKZCrsZJ6tAuAzQNRS3s1TADVB9Xq2caizTV5Bm / FileSize 11571947
2018-03-17 19:13:22,709 [15] INFO  - [Start] FileName 1gsj5qdd.1xp
2018-03-17 19:13:22,709 [15] INFO  - [Launch command] ipfs add -t 1gsj5qdd.1xp
2018-03-17 19:13:22,899 [15] INFO  - [End] Hash QmfQVZpaKZCrsZJ6tAuAzQNRS3s1TADVB9Xq2caizTV5Bm / FileSize 11571947
2018-03-17 19:16:57,917 [15] INFO  - [Start] FileName r5hvwwgh.a1f
2018-03-17 19:16:57,917 [15] INFO  - [Launch command] ipfs add -t r5hvwwgh.a1f
2018-03-17 19:16:58,169 [15] INFO  - [End] Hash QmfQVZpaKZCrsZJ6tAuAzQNRS3s1TADVB9Xq2caizTV5Bm / FileSize 11571947
2018-03-17 19:17:37,233 [15] INFO  - [Start] FileName s0k3w0ud.gxc
2018-03-17 19:17:37,233 [15] INFO  - [Launch command] ipfs add -t s0k3w0ud.gxc
2018-03-17 19:17:37,484 [15] INFO  - [End] Hash QmfQVZpaKZCrsZJ6tAuAzQNRS3s1TADVB9Xq2caizTV5Bm / FileSize 11571947
2018-03-17 19:19:08,961 [15] INFO  - [Start] FileName jxq0bylo.xsp
2018-03-17 19:19:08,961 [15] INFO  - [Launch command] ipfs add -t jxq0bylo.xsp
2018-03-17 19:19:09,420 [15] INFO  - [End] Hash QmfQVZpaKZCrsZJ6tAuAzQNRS3s1TADVB9Xq2caizTV5Bm / FileSize 11571947
2018-03-17 20:12:24,436 [15] INFO  - [Start] FileName faqjxtds.wle
2018-03-17 20:12:24,437 [15] INFO  - [Launch command] ipfs add -t faqjxtds.wle
2018-03-17 20:12:24,693 [15] INFO  - [End] Hash QmfQVZpaKZCrsZJ6tAuAzQNRS3s1TADVB9Xq2caizTV5Bm / FileSize 11571947
2018-03-17 21:35:06,711 [16] INFO  - [Start] FileName 2d3audcg.s0z
2018-03-17 21:35:06,711 [16] INFO  - [Launch command] ipfs add -t 2d3audcg.s0z
2018-03-17 21:35:07,067 [16] INFO  - [End] Hash QmfQVZpaKZCrsZJ6tAuAzQNRS3s1TADVB9Xq2caizTV5Bm / FileSize 11571947
2018-03-17 21:35:41,090 [16] INFO  - [Start] FileName ysasv2cy.1mf
2018-03-17 21:35:41,090 [16] INFO  - [Launch command] ipfs add -t ysasv2cy.1mf
2018-03-17 21:35:50,424 [16] INFO  - [End] Hash  / FileSize 5112496
2018-03-17 21:37:07,873 [15] INFO  - [Start] FileName zy2uzpik.kqc
2018-03-17 21:37:07,874 [15] INFO  - [Launch command] ipfs add -t zy2uzpik.kqc
2018-03-17 21:37:08,225 [15] INFO  - [End] Hash QmRZHbKmvDGBCko9ToG3UMZJZSC6gCCmzKLa4hiKBQ6uR7 / FileSize 5112496
2018-03-17 21:37:57,539 [15] INFO  - [Start] FileName porx3kx0.owr
2018-03-17 21:37:57,539 [15] INFO  - [Launch command] ipfs add -t porx3kx0.owr
2018-03-17 21:37:57,684 [15] INFO  - [End] Hash QmRZHbKmvDGBCko9ToG3UMZJZSC6gCCmzKLa4hiKBQ6uR7 / FileSize 5112496
2018-03-17 21:38:37,778 [15] INFO  - [Start] FileName vnecowc4.vz2
2018-03-17 21:38:37,779 [15] INFO  - [Launch command] ipfs add -t vnecowc4.vz2
2018-03-17 21:38:38,040 [15] INFO  - [End] Hash QmfQVZpaKZCrsZJ6tAuAzQNRS3s1TADVB9Xq2caizTV5Bm / FileSize 11571947
2018-03-17 21:38:47,080 [15] INFO  - [Start] FileName cwehfhqp.gix
2018-03-17 21:38:47,081 [15] INFO  - [Launch command] ipfs add -t cwehfhqp.gix
2018-03-17 21:38:47,462 [15] INFO  - [End] Hash QmdSCsEUsmfWTBc8ojihmu1oBzn947jLqXzv5wFR2kUKYB / FileSize 1807101
2018-03-17 21:40:53,021 [15] INFO  - [Start] FileName ed0p0dt5.qd0
2018-03-17 21:40:53,022 [15] INFO  - [Launch command] ipfs add -t ed0p0dt5.qd0
2018-03-17 21:40:53,378 [15] INFO  - [End] Hash QmdSCsEUsmfWTBc8ojihmu1oBzn947jLqXzv5wFR2kUKYB / FileSize 1807101
2018-03-17 21:40:55,381 [15] INFO  - [Start] FileName 3d5shxxm.mp4
2018-03-17 21:40:55,381 [15] INFO  - [Launch command] ipfs add -t 3d5shxxm.mp4
2018-03-17 21:40:56,289 [15] INFO  - [End] Hash QmbrDUwzKAJX5EgTEczfBw8yx3YLAeZWFfC7k9WHrZMkwh / FileSize 1800136
2018-03-17 22:08:47,446 [15] INFO  - [Start] FileName fxjlpx55.jk0
2018-03-17 22:08:47,446 [15] INFO  - [Launch command] ipfs add -t fxjlpx55.jk0
2018-03-17 22:08:47,769 [15] INFO  - [End] Hash QmfQVZpaKZCrsZJ6tAuAzQNRS3s1TADVB9Xq2caizTV5Bm / FileSize 11571947
2018-03-17 22:08:53,769 [15] INFO  - [Start] FileName 2hj300vz.mp4
2018-03-17 22:08:53,769 [15] INFO  - [Launch command] ipfs add -t 2hj300vz.mp4
2018-03-17 22:08:54,218 [15] INFO  - [End] Hash QmUBko5ZF8asCYU7YykutrZJJcub7t5Wj2Hcb2qerDKWnK / FileSize 6344342
2018-05-03 11:41:00,997 [17] INFO  - [Start] FileName gr5lsmuj.mkv
2018-05-03 11:41:00,998 [17] INFO  - [Launch command] ipfs add -t gr5lsmuj.mkv
2018-05-03 11:41:09,963 [17] INFO  - [End] Hash QmQJvBUXeKdz4vSzW3ALqteh9uRxaD9BNT4k1s5wWmpGUw / FileSize 605914960
2018-05-03 12:21:22,503 [16] INFO  - [Start] FileName mysaujjn.mkv
2018-05-03 12:21:22,503 [16] INFO  - [Launch command] ipfs add -t mysaujjn.mkv
2018-05-03 12:21:32,062 [16] INFO  - [End] Hash QmQJvBUXeKdz4vSzW3ALqteh9uRxaD9BNT4k1s5wWmpGUw / FileSize 605914960
2018-05-03 12:29:16,703 [7] INFO  - [Start] FileName ecqdjrob.mp4
2018-05-03 12:29:16,704 [7] INFO  - [Launch command] ipfs add -t ecqdjrob.mp4
2018-05-03 12:29:17,257 [7] INFO  - [End] Hash QmRZHbKmvDGBCko9ToG3UMZJZSC6gCCmzKLa4hiKBQ6uR7 / FileSize 5112496
2018-05-03 12:29:20,257 [7] INFO  - [Start] FileName wesls43r.mp4
2018-05-03 12:29:20,257 [7] INFO  - [Launch command] ipfs add -t wesls43r.mp4
2018-05-03 12:29:20,700 [7] INFO  - [End] Hash QmbEpcvL3jLAb65LmBPnYwhDasGvYqqp2TM1YfZ8Pnsjip / FileSize 3569391
2018-05-03 12:32:25,293 [16] INFO  - [Start] FileName qnarspcj.mp4
2018-05-03 12:32:25,295 [16] INFO  - [Launch command] ipfs add -t qnarspcj.mp4
2018-05-03 12:32:25,544 [16] INFO  - [End] Hash QmRZHbKmvDGBCko9ToG3UMZJZSC6gCCmzKLa4hiKBQ6uR7 / FileSize 5112496
2018-05-03 12:32:28,545 [16] INFO  - [Start] FileName erxv5lzt.mp4
2018-05-03 12:32:28,545 [16] INFO  - [Launch command] ipfs add -t erxv5lzt.mp4
2018-05-03 12:32:28,689 [16] INFO  - [End] Hash QmbEpcvL3jLAb65LmBPnYwhDasGvYqqp2TM1YfZ8Pnsjip / FileSize 3569391
2018-05-03 12:39:43,981 [6] INFO  - [Start] FileName kyrq1kbc.mp4
2018-05-03 12:39:43,982 [6] INFO  - [Launch command] ipfs add -t kyrq1kbc.mp4
2018-05-03 12:39:44,229 [6] INFO  - [End] Hash QmRZHbKmvDGBCko9ToG3UMZJZSC6gCCmzKLa4hiKBQ6uR7 / FileSize 5112496
2018-05-03 12:39:47,229 [6] INFO  - [Start] FileName fjfz2twb.mp4
2018-05-03 12:39:47,230 [6] INFO  - [Launch command] ipfs add -t fjfz2twb.mp4
2018-05-03 12:39:47,375 [6] INFO  - [End] Hash QmbEpcvL3jLAb65LmBPnYwhDasGvYqqp2TM1YfZ8Pnsjip / FileSize 3569391
2018-05-03 12:41:04,738 [6] INFO  - [Start] FileName c0ousxmg.mp4
2018-05-03 12:41:04,739 [6] INFO  - [Launch command] ipfs add -t c0ousxmg.mp4
2018-05-03 12:41:04,986 [6] INFO  - [End] Hash QmRZHbKmvDGBCko9ToG3UMZJZSC6gCCmzKLa4hiKBQ6uR7 / FileSize 5112496
2018-05-03 12:41:07,986 [6] INFO  - [Start] FileName m0nmatjh.mp4
2018-05-03 12:41:07,986 [6] INFO  - [Launch command] ipfs add -t m0nmatjh.mp4
2018-05-03 12:41:08,232 [6] INFO  - [End] Hash QmbEpcvL3jLAb65LmBPnYwhDasGvYqqp2TM1YfZ8Pnsjip / FileSize 3569391
2018-05-03 12:42:13,733 [13] INFO  - [Start] FileName z5y3eblx.mp4
2018-05-03 12:42:13,734 [13] INFO  - [Launch command] ipfs add -t z5y3eblx.mp4
2018-05-03 12:42:13,980 [13] INFO  - [End] Hash QmRZHbKmvDGBCko9ToG3UMZJZSC6gCCmzKLa4hiKBQ6uR7 / FileSize 5112496
2018-05-03 12:42:16,980 [13] INFO  - [Start] FileName 13gzliwd.mp4
2018-05-03 12:42:16,980 [13] INFO  - [Launch command] ipfs add -t 13gzliwd.mp4
2018-05-03 12:42:17,125 [13] INFO  - [End] Hash QmbEpcvL3jLAb65LmBPnYwhDasGvYqqp2TM1YfZ8Pnsjip / FileSize 3569391
2018-05-03 12:43:23,313 [13] INFO  - [Start] FileName u5f25l31.mp4
2018-05-03 12:43:23,313 [13] INFO  - [Launch command] ipfs add -t u5f25l31.mp4
2018-05-03 12:43:23,562 [13] INFO  - [End] Hash QmRZHbKmvDGBCko9ToG3UMZJZSC6gCCmzKLa4hiKBQ6uR7 / FileSize 5112496
2018-05-03 12:43:26,563 [13] INFO  - [Start] FileName xzpzffh5.mp4
2018-05-03 12:43:26,563 [13] INFO  - [Launch command] ipfs add -t xzpzffh5.mp4
2018-05-03 12:43:26,806 [13] INFO  - [End] Hash QmbEpcvL3jLAb65LmBPnYwhDasGvYqqp2TM1YfZ8Pnsjip / FileSize 3569391
2018-05-03 12:44:14,552 [7] INFO  - [Start] FileName i0nvznnd.mp4
2018-05-03 12:44:14,553 [7] INFO  - [Launch command] ipfs add -t i0nvznnd.mp4
2018-05-03 12:44:14,803 [7] INFO  - [End] Hash QmRZHbKmvDGBCko9ToG3UMZJZSC6gCCmzKLa4hiKBQ6uR7 / FileSize 5112496
2018-05-03 12:44:17,803 [7] INFO  - [Start] FileName om5ff3mt.mp4
2018-05-03 12:44:17,804 [7] INFO  - [Launch command] ipfs add -t om5ff3mt.mp4
2018-05-03 12:44:17,945 [7] INFO  - [End] Hash QmbEpcvL3jLAb65LmBPnYwhDasGvYqqp2TM1YfZ8Pnsjip / FileSize 3569391
2018-05-03 12:57:08,905 [14] INFO  - [Start] FileName w3nzmyff.mp4
2018-05-03 12:57:08,906 [14] INFO  - [Launch command] ipfs add -t w3nzmyff.mp4
2018-05-03 12:57:09,049 [14] INFO  - [End] Hash QmRZHbKmvDGBCko9ToG3UMZJZSC6gCCmzKLa4hiKBQ6uR7 / FileSize 5112496
2018-05-03 12:57:12,050 [14] INFO  - [Start] FileName 0rmxcemf.mp4
2018-05-03 12:57:12,050 [14] INFO  - [Launch command] ipfs add -t 0rmxcemf.mp4
2018-05-03 12:57:12,292 [14] INFO  - [End] Hash QmbEpcvL3jLAb65LmBPnYwhDasGvYqqp2TM1YfZ8Pnsjip / FileSize 3569391
2018-05-03 12:58:07,385 [7] INFO  - [Start] FileName xp5v04qb.mp4
2018-05-03 12:58:07,385 [7] INFO  - [Launch command] ipfs add -t xp5v04qb.mp4
2018-05-03 12:58:07,533 [7] INFO  - [End] Hash QmRZHbKmvDGBCko9ToG3UMZJZSC6gCCmzKLa4hiKBQ6uR7 / FileSize 5112496
2018-05-03 12:58:10,533 [7] INFO  - [Start] FileName vpzzpicy.mp4
2018-05-03 12:58:10,533 [7] INFO  - [Launch command] ipfs add -t vpzzpicy.mp4
2018-05-03 12:58:10,779 [7] INFO  - [End] Hash QmbEpcvL3jLAb65LmBPnYwhDasGvYqqp2TM1YfZ8Pnsjip / FileSize 3569391
2018-05-03 12:58:42,782 [7] INFO  - [Start] FileName aez1hvqm.mp4
2018-05-03 12:58:42,782 [7] INFO  - [Launch command] ipfs add -t aez1hvqm.mp4
2018-05-03 12:58:42,926 [7] INFO  - [End] Hash QmRZHbKmvDGBCko9ToG3UMZJZSC6gCCmzKLa4hiKBQ6uR7 / FileSize 5112496
2018-05-03 12:58:45,926 [7] INFO  - [Start] FileName uwtg35l5.mp4
2018-05-03 12:58:45,927 [7] INFO  - [Launch command] ipfs add -t uwtg35l5.mp4
2018-05-03 12:58:46,069 [7] INFO  - [End] Hash QmbEpcvL3jLAb65LmBPnYwhDasGvYqqp2TM1YfZ8Pnsjip / FileSize 3569391
2018-05-03 13:00:03,311 [6] INFO  - [Start] FileName nlnkv3dx.mp4
2018-05-03 13:00:03,312 [6] INFO  - [Launch command] ipfs add -t nlnkv3dx.mp4
2018-05-03 13:00:03,556 [6] INFO  - [End] Hash QmRZHbKmvDGBCko9ToG3UMZJZSC6gCCmzKLa4hiKBQ6uR7 / FileSize 5112496
2018-05-03 13:00:06,556 [6] INFO  - [Start] FileName klbstkkc.mp4
2018-05-03 13:00:06,556 [6] INFO  - [Launch command] ipfs add -t klbstkkc.mp4
2018-05-03 13:00:06,698 [6] INFO  - [End] Hash QmbEpcvL3jLAb65LmBPnYwhDasGvYqqp2TM1YfZ8Pnsjip / FileSize 3569391
2018-05-03 13:23:22,239 [15] INFO  - [Start] FileName 31jyyawm.mp4
2018-05-03 13:23:22,240 [15] INFO  - [Launch command] ipfs add -t 31jyyawm.mp4
2018-05-03 13:23:22,486 [15] INFO  - [End] Hash QmRZHbKmvDGBCko9ToG3UMZJZSC6gCCmzKLa4hiKBQ6uR7 / FileSize 5112496
2018-05-03 13:23:25,487 [15] INFO  - [Start] FileName xvagfjbc.mp4
2018-05-03 13:23:25,487 [15] INFO  - [Launch command] ipfs add -t xvagfjbc.mp4
2018-05-03 13:23:25,730 [15] INFO  - [End] Hash QmbEpcvL3jLAb65LmBPnYwhDasGvYqqp2TM1YfZ8Pnsjip / FileSize 3569391
2018-05-03 13:25:50,747 [14] INFO  - [Start] FileName w1vqacd2.mp4
2018-05-03 13:25:50,748 [14] INFO  - [Launch command] ipfs add -t w1vqacd2.mp4
2018-05-03 13:25:51,196 [14] INFO  - [End] Hash QmRZHbKmvDGBCko9ToG3UMZJZSC6gCCmzKLa4hiKBQ6uR7 / FileSize 5112496
2018-05-03 13:25:53,196 [14] INFO  - [Start] FileName k3sex4bj.mp4
2018-05-03 13:25:53,196 [14] INFO  - [Launch command] ipfs add -t k3sex4bj.mp4
2018-05-03 13:25:53,440 [14] INFO  - [End] Hash QmbEpcvL3jLAb65LmBPnYwhDasGvYqqp2TM1YfZ8Pnsjip / FileSize 3569391
2018-05-03 13:27:44,453 [6] INFO  - [Start] FileName tnmqgz34.mp4
2018-05-03 13:27:44,453 [6] INFO  - [Launch command] ipfs add -t tnmqgz34.mp4
2018-05-03 13:27:44,696 [6] INFO  - [End] Hash QmRZHbKmvDGBCko9ToG3UMZJZSC6gCCmzKLa4hiKBQ6uR7 / FileSize 5112496
2018-05-03 13:27:47,697 [6] INFO  - [Start] FileName mpv1q5se.mp4
2018-05-03 13:27:47,697 [6] INFO  - [Launch command] ipfs add -t mpv1q5se.mp4
2018-05-03 13:27:47,842 [6] INFO  - [End] Hash QmbEpcvL3jLAb65LmBPnYwhDasGvYqqp2TM1YfZ8Pnsjip / FileSize 3569391
