2018-03-17 21:40:55,022 [14] INFO  - [Start Sprite] SourceFilePath 3d5shxxm.mp4
2018-03-17 21:40:55,023 [14] INFO  - [Launch command] ffmpeg -y -i 3d5shxxm.mp4 -r 1 -vf scale=210:118 -f image2 abqowkna-%03d.jpeg
2018-03-17 21:40:55,681 [14] INFO  - [Start Combine images] 58 images
2018-03-17 21:40:55,681 [14] INFO  - [Launch command] C:\ImageMagick\/montage -mode concatenate -tile 1x abqowkna-001.jpeg abqowkna-002.jpeg abqowkna-003.jpeg abqowkna-004.jpeg abqowkna-005.jpeg abqowkna-006.jpeg abqowkna-007.jpeg abqowkna-008.jpeg abqowkna-009.jpeg abqowkna-010.jpeg abqowkna-011.jpeg abqowkna-012.jpeg abqowkna-013.jpeg abqowkna-014.jpeg abqowkna-015.jpeg abqowkna-016.jpeg abqowkna-017.jpeg abqowkna-018.jpeg abqowkna-019.jpeg abqowkna-020.jpeg abqowkna-021.jpeg abqowkna-022.jpeg abqowkna-023.jpeg abqowkna-024.jpeg abqowkna-025.jpeg abqowkna-026.jpeg abqowkna-027.jpeg abqowkna-028.jpeg abqowkna-029.jpeg abqowkna-030.jpeg abqowkna-031.jpeg abqowkna-032.jpeg abqowkna-033.jpeg abqowkna-034.jpeg abqowkna-035.jpeg abqowkna-036.jpeg abqowkna-037.jpeg abqowkna-038.jpeg abqowkna-039.jpeg abqowkna-040.jpeg abqowkna-041.jpeg abqowkna-042.jpeg abqowkna-043.jpeg abqowkna-044.jpeg abqowkna-045.jpeg abqowkna-046.jpeg abqowkna-047.jpeg abqowkna-048.jpeg abqowkna-049.jpeg abqowkna-050.jpeg abqowkna-051.jpeg abqowkna-052.jpeg abqowkna-053.jpeg abqowkna-054.jpeg abqowkna-055.jpeg abqowkna-056.jpeg abqowkna-057.jpeg abqowkna-058.jpeg abqowkna-059.jpeg abqowkna.jpeg
2018-03-17 21:40:56,119 [14] FATAL - [Exception] Exception : Le process n'a pas pu être exécuté correctement : System.ComponentModel.Win32Exception (0x80004005): No such file or directory
   at System.Diagnostics.Process.ResolvePath(String filename)
   at System.Diagnostics.Process.StartCore(ProcessStartInfo startInfo)
   at System.Diagnostics.Process.Start()
   at System.Diagnostics.Process.Start(ProcessStartInfo startInfo)
   at Uploader.Core.Managers.Common.ProcessManager.Launch(Int32 timeout) in /home/dr/Coding/dtube/ipfs-uploader/Uploader.Core/Managers/Common/ProcessManager.cs:line 95.
2018-03-17 21:40:56,124 [14] ERROR - [Error] Error creation sprite while combine images
2018-03-17 22:08:54,270 [14] INFO  - [Start Sprite] SourceFilePath 2hj300vz.mp4
2018-03-17 22:08:54,270 [14] INFO  - [Launch command] ffmpeg -y -i 2hj300vz.mp4 -r 100/192 -vf scale=210:118 -f image2 1mgiwfvx-%03d.jpeg
2018-03-17 22:08:56,132 [14] INFO  - [Start Combine images] 101 images
2018-03-17 22:08:56,132 [14] INFO  - [Launch command] C:\ImageMagick\/montage -mode concatenate -tile 1x 1mgiwfvx-003.jpeg 1mgiwfvx-004.jpeg 1mgiwfvx-005.jpeg 1mgiwfvx-006.jpeg 1mgiwfvx-007.jpeg 1mgiwfvx-008.jpeg 1mgiwfvx-009.jpeg 1mgiwfvx-010.jpeg 1mgiwfvx-011.jpeg 1mgiwfvx-012.jpeg 1mgiwfvx-013.jpeg 1mgiwfvx-014.jpeg 1mgiwfvx-015.jpeg 1mgiwfvx-016.jpeg 1mgiwfvx-017.jpeg 1mgiwfvx-018.jpeg 1mgiwfvx-019.jpeg 1mgiwfvx-020.jpeg 1mgiwfvx-021.jpeg 1mgiwfvx-022.jpeg 1mgiwfvx-023.jpeg 1mgiwfvx-024.jpeg 1mgiwfvx-025.jpeg 1mgiwfvx-026.jpeg 1mgiwfvx-027.jpeg 1mgiwfvx-028.jpeg 1mgiwfvx-029.jpeg 1mgiwfvx-030.jpeg 1mgiwfvx-031.jpeg 1mgiwfvx-032.jpeg 1mgiwfvx-033.jpeg 1mgiwfvx-034.jpeg 1mgiwfvx-035.jpeg 1mgiwfvx-036.jpeg 1mgiwfvx-037.jpeg 1mgiwfvx-038.jpeg 1mgiwfvx-039.jpeg 1mgiwfvx-040.jpeg 1mgiwfvx-041.jpeg 1mgiwfvx-042.jpeg 1mgiwfvx-043.jpeg 1mgiwfvx-044.jpeg 1mgiwfvx-045.jpeg 1mgiwfvx-046.jpeg 1mgiwfvx-047.jpeg 1mgiwfvx-048.jpeg 1mgiwfvx-049.jpeg 1mgiwfvx-050.jpeg 1mgiwfvx-051.jpeg 1mgiwfvx-052.jpeg 1mgiwfvx-053.jpeg 1mgiwfvx-054.jpeg 1mgiwfvx-055.jpeg 1mgiwfvx-056.jpeg 1mgiwfvx-057.jpeg 1mgiwfvx-058.jpeg 1mgiwfvx-059.jpeg 1mgiwfvx-060.jpeg 1mgiwfvx-061.jpeg 1mgiwfvx-062.jpeg 1mgiwfvx-063.jpeg 1mgiwfvx-064.jpeg 1mgiwfvx-065.jpeg 1mgiwfvx-066.jpeg 1mgiwfvx-067.jpeg 1mgiwfvx-068.jpeg 1mgiwfvx-069.jpeg 1mgiwfvx-070.jpeg 1mgiwfvx-071.jpeg 1mgiwfvx-072.jpeg 1mgiwfvx-073.jpeg 1mgiwfvx-074.jpeg 1mgiwfvx-075.jpeg 1mgiwfvx-076.jpeg 1mgiwfvx-077.jpeg 1mgiwfvx-078.jpeg 1mgiwfvx-079.jpeg 1mgiwfvx-080.jpeg 1mgiwfvx-081.jpeg 1mgiwfvx-082.jpeg 1mgiwfvx-083.jpeg 1mgiwfvx-084.jpeg 1mgiwfvx-085.jpeg 1mgiwfvx-086.jpeg 1mgiwfvx-087.jpeg 1mgiwfvx-088.jpeg 1mgiwfvx-089.jpeg 1mgiwfvx-090.jpeg 1mgiwfvx-091.jpeg 1mgiwfvx-092.jpeg 1mgiwfvx-093.jpeg 1mgiwfvx-094.jpeg 1mgiwfvx-095.jpeg 1mgiwfvx-096.jpeg 1mgiwfvx-097.jpeg 1mgiwfvx-098.jpeg 1mgiwfvx-099.jpeg 1mgiwfvx-100.jpeg 1mgiwfvx-101.jpeg 1mgiwfvx-102.jpeg 1mgiwfvx.jpeg
2018-03-17 22:08:56,343 [14] FATAL - [Exception] Exception : Le process n'a pas pu être exécuté correctement : System.ComponentModel.Win32Exception (0x80004005): No such file or directory
   at System.Diagnostics.Process.ResolvePath(String filename)
   at System.Diagnostics.Process.StartCore(ProcessStartInfo startInfo)
   at System.Diagnostics.Process.Start()
   at System.Diagnostics.Process.Start(ProcessStartInfo startInfo)
   at Uploader.Core.Managers.Common.ProcessManager.Launch(Int32 timeout) in /home/dr/Coding/dtube/ipfs-uploader/Uploader.Core/Managers/Common/ProcessManager.cs:line 95.
2018-03-17 22:08:56,346 [14] ERROR - [Error] Error creation sprite while combine images
2018-05-03 12:29:20,275 [6] INFO  - [Start Sprite] SourceFilePath wesls43r.mp4
2018-05-03 12:29:20,275 [6] INFO  - [Launch command] ffmpeg -y -i wesls43r.mp4 -r 100/126 -vf scale=158:118 -f image2 5plgvf03-%03d.jpeg
2018-05-03 12:29:21,019 [6] INFO  - [Start Combine images] 101 images
2018-05-03 12:29:21,019 [6] INFO  - [Launch command] C:\ImageMagick\/montage -mode concatenate -tile 1x 5plgvf03-003.jpeg 5plgvf03-004.jpeg 5plgvf03-005.jpeg 5plgvf03-006.jpeg 5plgvf03-007.jpeg 5plgvf03-008.jpeg 5plgvf03-009.jpeg 5plgvf03-010.jpeg 5plgvf03-011.jpeg 5plgvf03-012.jpeg 5plgvf03-013.jpeg 5plgvf03-014.jpeg 5plgvf03-015.jpeg 5plgvf03-016.jpeg 5plgvf03-017.jpeg 5plgvf03-018.jpeg 5plgvf03-019.jpeg 5plgvf03-020.jpeg 5plgvf03-021.jpeg 5plgvf03-022.jpeg 5plgvf03-023.jpeg 5plgvf03-024.jpeg 5plgvf03-025.jpeg 5plgvf03-026.jpeg 5plgvf03-027.jpeg 5plgvf03-028.jpeg 5plgvf03-029.jpeg 5plgvf03-030.jpeg 5plgvf03-031.jpeg 5plgvf03-032.jpeg 5plgvf03-033.jpeg 5plgvf03-034.jpeg 5plgvf03-035.jpeg 5plgvf03-036.jpeg 5plgvf03-037.jpeg 5plgvf03-038.jpeg 5plgvf03-039.jpeg 5plgvf03-040.jpeg 5plgvf03-041.jpeg 5plgvf03-042.jpeg 5plgvf03-043.jpeg 5plgvf03-044.jpeg 5plgvf03-045.jpeg 5plgvf03-046.jpeg 5plgvf03-047.jpeg 5plgvf03-048.jpeg 5plgvf03-049.jpeg 5plgvf03-050.jpeg 5plgvf03-051.jpeg 5plgvf03-052.jpeg 5plgvf03-053.jpeg 5plgvf03-054.jpeg 5plgvf03-055.jpeg 5plgvf03-056.jpeg 5plgvf03-057.jpeg 5plgvf03-058.jpeg 5plgvf03-059.jpeg 5plgvf03-060.jpeg 5plgvf03-061.jpeg 5plgvf03-062.jpeg 5plgvf03-063.jpeg 5plgvf03-064.jpeg 5plgvf03-065.jpeg 5plgvf03-066.jpeg 5plgvf03-067.jpeg 5plgvf03-068.jpeg 5plgvf03-069.jpeg 5plgvf03-070.jpeg 5plgvf03-071.jpeg 5plgvf03-072.jpeg 5plgvf03-073.jpeg 5plgvf03-074.jpeg 5plgvf03-075.jpeg 5plgvf03-076.jpeg 5plgvf03-077.jpeg 5plgvf03-078.jpeg 5plgvf03-079.jpeg 5plgvf03-080.jpeg 5plgvf03-081.jpeg 5plgvf03-082.jpeg 5plgvf03-083.jpeg 5plgvf03-084.jpeg 5plgvf03-085.jpeg 5plgvf03-086.jpeg 5plgvf03-087.jpeg 5plgvf03-088.jpeg 5plgvf03-089.jpeg 5plgvf03-090.jpeg 5plgvf03-091.jpeg 5plgvf03-092.jpeg 5plgvf03-093.jpeg 5plgvf03-094.jpeg 5plgvf03-095.jpeg 5plgvf03-096.jpeg 5plgvf03-097.jpeg 5plgvf03-098.jpeg 5plgvf03-099.jpeg 5plgvf03-100.jpeg 5plgvf03-101.jpeg 5plgvf03-102.jpeg 5plgvf03.jpeg
2018-05-03 12:29:21,058 [6] FATAL - [Exception] Exception : Le process n'a pas pu être exécuté correctement : System.ComponentModel.Win32Exception (0x80004005): No such file or directory
   at System.Diagnostics.Process.ResolvePath(String filename)
   at System.Diagnostics.Process.StartCore(ProcessStartInfo startInfo)
   at System.Diagnostics.Process.Start()
   at System.Diagnostics.Process.Start(ProcessStartInfo startInfo)
   at Uploader.Core.Managers.Common.ProcessManager.Launch(Int32 timeout) in /home/dr/Coding/dtube/ipfs-uploader/Uploader.Core/Managers/Common/ProcessManager.cs:line 95.
2018-05-03 12:29:21,060 [6] ERROR - [Error] Error creation sprite while combine images
2018-05-03 12:32:28,662 [7] INFO  - [Start Sprite] SourceFilePath erxv5lzt.mp4
2018-05-03 12:32:28,662 [7] INFO  - [Launch command] ffmpeg -y -i erxv5lzt.mp4 -r 100/126 -vf scale=158:118 -f image2 t002brnp-%03d.jpeg
2018-05-03 12:32:29,308 [7] INFO  - [Start Combine images] 101 images
2018-05-03 12:32:29,308 [7] INFO  - [Launch command] C:\ImageMagick\/montage -mode concatenate -tile 1x t002brnp-003.jpeg t002brnp-004.jpeg t002brnp-005.jpeg t002brnp-006.jpeg t002brnp-007.jpeg t002brnp-008.jpeg t002brnp-009.jpeg t002brnp-010.jpeg t002brnp-011.jpeg t002brnp-012.jpeg t002brnp-013.jpeg t002brnp-014.jpeg t002brnp-015.jpeg t002brnp-016.jpeg t002brnp-017.jpeg t002brnp-018.jpeg t002brnp-019.jpeg t002brnp-020.jpeg t002brnp-021.jpeg t002brnp-022.jpeg t002brnp-023.jpeg t002brnp-024.jpeg t002brnp-025.jpeg t002brnp-026.jpeg t002brnp-027.jpeg t002brnp-028.jpeg t002brnp-029.jpeg t002brnp-030.jpeg t002brnp-031.jpeg t002brnp-032.jpeg t002brnp-033.jpeg t002brnp-034.jpeg t002brnp-035.jpeg t002brnp-036.jpeg t002brnp-037.jpeg t002brnp-038.jpeg t002brnp-039.jpeg t002brnp-040.jpeg t002brnp-041.jpeg t002brnp-042.jpeg t002brnp-043.jpeg t002brnp-044.jpeg t002brnp-045.jpeg t002brnp-046.jpeg t002brnp-047.jpeg t002brnp-048.jpeg t002brnp-049.jpeg t002brnp-050.jpeg t002brnp-051.jpeg t002brnp-052.jpeg t002brnp-053.jpeg t002brnp-054.jpeg t002brnp-055.jpeg t002brnp-056.jpeg t002brnp-057.jpeg t002brnp-058.jpeg t002brnp-059.jpeg t002brnp-060.jpeg t002brnp-061.jpeg t002brnp-062.jpeg t002brnp-063.jpeg t002brnp-064.jpeg t002brnp-065.jpeg t002brnp-066.jpeg t002brnp-067.jpeg t002brnp-068.jpeg t002brnp-069.jpeg t002brnp-070.jpeg t002brnp-071.jpeg t002brnp-072.jpeg t002brnp-073.jpeg t002brnp-074.jpeg t002brnp-075.jpeg t002brnp-076.jpeg t002brnp-077.jpeg t002brnp-078.jpeg t002brnp-079.jpeg t002brnp-080.jpeg t002brnp-081.jpeg t002brnp-082.jpeg t002brnp-083.jpeg t002brnp-084.jpeg t002brnp-085.jpeg t002brnp-086.jpeg t002brnp-087.jpeg t002brnp-088.jpeg t002brnp-089.jpeg t002brnp-090.jpeg t002brnp-091.jpeg t002brnp-092.jpeg t002brnp-093.jpeg t002brnp-094.jpeg t002brnp-095.jpeg t002brnp-096.jpeg t002brnp-097.jpeg t002brnp-098.jpeg t002brnp-099.jpeg t002brnp-100.jpeg t002brnp-101.jpeg t002brnp-102.jpeg t002brnp.jpeg
2018-05-03 12:32:29,334 [7] FATAL - [Exception] Exception : Le process n'a pas pu être exécuté correctement : System.ComponentModel.Win32Exception (0x80004005): No such file or directory
   at System.Diagnostics.Process.ResolvePath(String filename)
   at System.Diagnostics.Process.StartCore(ProcessStartInfo startInfo)
   at System.Diagnostics.Process.Start()
   at System.Diagnostics.Process.Start(ProcessStartInfo startInfo)
   at Uploader.Core.Managers.Common.ProcessManager.Launch(Int32 timeout) in /home/dr/Coding/dtube/ipfs-uploader/Uploader.Core/Managers/Common/ProcessManager.cs:line 95.
2018-05-03 12:32:29,336 [7] ERROR - [Error] Error creation sprite while combine images
2018-05-03 12:39:47,353 [15] INFO  - [Start Sprite] SourceFilePath fjfz2twb.mp4
2018-05-03 12:39:47,354 [15] INFO  - [Launch command] ffmpeg -y -i fjfz2twb.mp4 -r 100/126 -vf scale=158:118 -f image2 w5sg1qbd-%03d.jpeg
2018-05-03 12:39:47,998 [15] INFO  - [Start Combine images] 101 images
2018-05-03 12:39:47,998 [15] INFO  - [Launch command] C:\ImageMagick\/montage -mode concatenate -tile 1x w5sg1qbd-003.jpeg w5sg1qbd-004.jpeg w5sg1qbd-005.jpeg w5sg1qbd-006.jpeg w5sg1qbd-007.jpeg w5sg1qbd-008.jpeg w5sg1qbd-009.jpeg w5sg1qbd-010.jpeg w5sg1qbd-011.jpeg w5sg1qbd-012.jpeg w5sg1qbd-013.jpeg w5sg1qbd-014.jpeg w5sg1qbd-015.jpeg w5sg1qbd-016.jpeg w5sg1qbd-017.jpeg w5sg1qbd-018.jpeg w5sg1qbd-019.jpeg w5sg1qbd-020.jpeg w5sg1qbd-021.jpeg w5sg1qbd-022.jpeg w5sg1qbd-023.jpeg w5sg1qbd-024.jpeg w5sg1qbd-025.jpeg w5sg1qbd-026.jpeg w5sg1qbd-027.jpeg w5sg1qbd-028.jpeg w5sg1qbd-029.jpeg w5sg1qbd-030.jpeg w5sg1qbd-031.jpeg w5sg1qbd-032.jpeg w5sg1qbd-033.jpeg w5sg1qbd-034.jpeg w5sg1qbd-035.jpeg w5sg1qbd-036.jpeg w5sg1qbd-037.jpeg w5sg1qbd-038.jpeg w5sg1qbd-039.jpeg w5sg1qbd-040.jpeg w5sg1qbd-041.jpeg w5sg1qbd-042.jpeg w5sg1qbd-043.jpeg w5sg1qbd-044.jpeg w5sg1qbd-045.jpeg w5sg1qbd-046.jpeg w5sg1qbd-047.jpeg w5sg1qbd-048.jpeg w5sg1qbd-049.jpeg w5sg1qbd-050.jpeg w5sg1qbd-051.jpeg w5sg1qbd-052.jpeg w5sg1qbd-053.jpeg w5sg1qbd-054.jpeg w5sg1qbd-055.jpeg w5sg1qbd-056.jpeg w5sg1qbd-057.jpeg w5sg1qbd-058.jpeg w5sg1qbd-059.jpeg w5sg1qbd-060.jpeg w5sg1qbd-061.jpeg w5sg1qbd-062.jpeg w5sg1qbd-063.jpeg w5sg1qbd-064.jpeg w5sg1qbd-065.jpeg w5sg1qbd-066.jpeg w5sg1qbd-067.jpeg w5sg1qbd-068.jpeg w5sg1qbd-069.jpeg w5sg1qbd-070.jpeg w5sg1qbd-071.jpeg w5sg1qbd-072.jpeg w5sg1qbd-073.jpeg w5sg1qbd-074.jpeg w5sg1qbd-075.jpeg w5sg1qbd-076.jpeg w5sg1qbd-077.jpeg w5sg1qbd-078.jpeg w5sg1qbd-079.jpeg w5sg1qbd-080.jpeg w5sg1qbd-081.jpeg w5sg1qbd-082.jpeg w5sg1qbd-083.jpeg w5sg1qbd-084.jpeg w5sg1qbd-085.jpeg w5sg1qbd-086.jpeg w5sg1qbd-087.jpeg w5sg1qbd-088.jpeg w5sg1qbd-089.jpeg w5sg1qbd-090.jpeg w5sg1qbd-091.jpeg w5sg1qbd-092.jpeg w5sg1qbd-093.jpeg w5sg1qbd-094.jpeg w5sg1qbd-095.jpeg w5sg1qbd-096.jpeg w5sg1qbd-097.jpeg w5sg1qbd-098.jpeg w5sg1qbd-099.jpeg w5sg1qbd-100.jpeg w5sg1qbd-101.jpeg w5sg1qbd-102.jpeg w5sg1qbd.jpeg
2018-05-03 12:39:48,022 [15] FATAL - [Exception] Exception : Le process n'a pas pu être exécuté correctement : System.ComponentModel.Win32Exception (0x80004005): No such file or directory
   at System.Diagnostics.Process.ResolvePath(String filename)
   at System.Diagnostics.Process.StartCore(ProcessStartInfo startInfo)
   at System.Diagnostics.Process.Start()
   at System.Diagnostics.Process.Start(ProcessStartInfo startInfo)
   at Uploader.Core.Managers.Common.ProcessManager.Launch(Int32 timeout) in /home/dr/Coding/dtube/ipfs-uploader/Uploader.Core/Managers/Common/ProcessManager.cs:line 95.
2018-05-03 12:39:48,025 [15] ERROR - [Error] Error creation sprite while combine images
2018-05-03 12:41:08,105 [13] INFO  - [Start Sprite] SourceFilePath m0nmatjh.mp4
2018-05-03 12:41:08,106 [13] INFO  - [Launch command] ffmpeg -y -i m0nmatjh.mp4 -r 100/126 -vf scale=158:118 -f image2 tktgdyhn-%03d.jpeg
2018-05-03 12:41:08,749 [13] INFO  - [Start Combine images] 101 images
2018-05-03 12:41:08,749 [13] INFO  - [Launch command] C:\ImageMagick\/montage -mode concatenate -tile 1x tktgdyhn-003.jpeg tktgdyhn-004.jpeg tktgdyhn-005.jpeg tktgdyhn-006.jpeg tktgdyhn-007.jpeg tktgdyhn-008.jpeg tktgdyhn-009.jpeg tktgdyhn-010.jpeg tktgdyhn-011.jpeg tktgdyhn-012.jpeg tktgdyhn-013.jpeg tktgdyhn-014.jpeg tktgdyhn-015.jpeg tktgdyhn-016.jpeg tktgdyhn-017.jpeg tktgdyhn-018.jpeg tktgdyhn-019.jpeg tktgdyhn-020.jpeg tktgdyhn-021.jpeg tktgdyhn-022.jpeg tktgdyhn-023.jpeg tktgdyhn-024.jpeg tktgdyhn-025.jpeg tktgdyhn-026.jpeg tktgdyhn-027.jpeg tktgdyhn-028.jpeg tktgdyhn-029.jpeg tktgdyhn-030.jpeg tktgdyhn-031.jpeg tktgdyhn-032.jpeg tktgdyhn-033.jpeg tktgdyhn-034.jpeg tktgdyhn-035.jpeg tktgdyhn-036.jpeg tktgdyhn-037.jpeg tktgdyhn-038.jpeg tktgdyhn-039.jpeg tktgdyhn-040.jpeg tktgdyhn-041.jpeg tktgdyhn-042.jpeg tktgdyhn-043.jpeg tktgdyhn-044.jpeg tktgdyhn-045.jpeg tktgdyhn-046.jpeg tktgdyhn-047.jpeg tktgdyhn-048.jpeg tktgdyhn-049.jpeg tktgdyhn-050.jpeg tktgdyhn-051.jpeg tktgdyhn-052.jpeg tktgdyhn-053.jpeg tktgdyhn-054.jpeg tktgdyhn-055.jpeg tktgdyhn-056.jpeg tktgdyhn-057.jpeg tktgdyhn-058.jpeg tktgdyhn-059.jpeg tktgdyhn-060.jpeg tktgdyhn-061.jpeg tktgdyhn-062.jpeg tktgdyhn-063.jpeg tktgdyhn-064.jpeg tktgdyhn-065.jpeg tktgdyhn-066.jpeg tktgdyhn-067.jpeg tktgdyhn-068.jpeg tktgdyhn-069.jpeg tktgdyhn-070.jpeg tktgdyhn-071.jpeg tktgdyhn-072.jpeg tktgdyhn-073.jpeg tktgdyhn-074.jpeg tktgdyhn-075.jpeg tktgdyhn-076.jpeg tktgdyhn-077.jpeg tktgdyhn-078.jpeg tktgdyhn-079.jpeg tktgdyhn-080.jpeg tktgdyhn-081.jpeg tktgdyhn-082.jpeg tktgdyhn-083.jpeg tktgdyhn-084.jpeg tktgdyhn-085.jpeg tktgdyhn-086.jpeg tktgdyhn-087.jpeg tktgdyhn-088.jpeg tktgdyhn-089.jpeg tktgdyhn-090.jpeg tktgdyhn-091.jpeg tktgdyhn-092.jpeg tktgdyhn-093.jpeg tktgdyhn-094.jpeg tktgdyhn-095.jpeg tktgdyhn-096.jpeg tktgdyhn-097.jpeg tktgdyhn-098.jpeg tktgdyhn-099.jpeg tktgdyhn-100.jpeg tktgdyhn-101.jpeg tktgdyhn-102.jpeg tktgdyhn.jpeg
2018-05-03 12:41:08,773 [13] FATAL - [Exception] Exception : Le process n'a pas pu être exécuté correctement : System.ComponentModel.Win32Exception (0x80004005): No such file or directory
   at System.Diagnostics.Process.ResolvePath(String filename)
   at System.Diagnostics.Process.StartCore(ProcessStartInfo startInfo)
   at System.Diagnostics.Process.Start()
   at System.Diagnostics.Process.Start(ProcessStartInfo startInfo)
   at Uploader.Core.Managers.Common.ProcessManager.Launch(Int32 timeout) in /home/dr/Coding/dtube/ipfs-uploader/Uploader.Core/Managers/Common/ProcessManager.cs:line 95.
2018-05-03 12:41:08,775 [13] ERROR - [Error] Error creation sprite while combine images
2018-05-03 12:42:17,101 [18] INFO  - [Start Sprite] SourceFilePath 13gzliwd.mp4
2018-05-03 12:42:17,102 [18] INFO  - [Launch command] ffmpeg -y -i 13gzliwd.mp4 -r 100/126 -vf scale=158:118 -f image2 utgembrn-%03d.jpeg
2018-05-03 12:42:17,751 [18] INFO  - [Start Combine images] 101 images
2018-05-03 12:42:17,752 [18] INFO  - [Launch command] C:\ImageMagick\/montage -mode concatenate -tile 1x utgembrn-003.jpeg utgembrn-004.jpeg utgembrn-005.jpeg utgembrn-006.jpeg utgembrn-007.jpeg utgembrn-008.jpeg utgembrn-009.jpeg utgembrn-010.jpeg utgembrn-011.jpeg utgembrn-012.jpeg utgembrn-013.jpeg utgembrn-014.jpeg utgembrn-015.jpeg utgembrn-016.jpeg utgembrn-017.jpeg utgembrn-018.jpeg utgembrn-019.jpeg utgembrn-020.jpeg utgembrn-021.jpeg utgembrn-022.jpeg utgembrn-023.jpeg utgembrn-024.jpeg utgembrn-025.jpeg utgembrn-026.jpeg utgembrn-027.jpeg utgembrn-028.jpeg utgembrn-029.jpeg utgembrn-030.jpeg utgembrn-031.jpeg utgembrn-032.jpeg utgembrn-033.jpeg utgembrn-034.jpeg utgembrn-035.jpeg utgembrn-036.jpeg utgembrn-037.jpeg utgembrn-038.jpeg utgembrn-039.jpeg utgembrn-040.jpeg utgembrn-041.jpeg utgembrn-042.jpeg utgembrn-043.jpeg utgembrn-044.jpeg utgembrn-045.jpeg utgembrn-046.jpeg utgembrn-047.jpeg utgembrn-048.jpeg utgembrn-049.jpeg utgembrn-050.jpeg utgembrn-051.jpeg utgembrn-052.jpeg utgembrn-053.jpeg utgembrn-054.jpeg utgembrn-055.jpeg utgembrn-056.jpeg utgembrn-057.jpeg utgembrn-058.jpeg utgembrn-059.jpeg utgembrn-060.jpeg utgembrn-061.jpeg utgembrn-062.jpeg utgembrn-063.jpeg utgembrn-064.jpeg utgembrn-065.jpeg utgembrn-066.jpeg utgembrn-067.jpeg utgembrn-068.jpeg utgembrn-069.jpeg utgembrn-070.jpeg utgembrn-071.jpeg utgembrn-072.jpeg utgembrn-073.jpeg utgembrn-074.jpeg utgembrn-075.jpeg utgembrn-076.jpeg utgembrn-077.jpeg utgembrn-078.jpeg utgembrn-079.jpeg utgembrn-080.jpeg utgembrn-081.jpeg utgembrn-082.jpeg utgembrn-083.jpeg utgembrn-084.jpeg utgembrn-085.jpeg utgembrn-086.jpeg utgembrn-087.jpeg utgembrn-088.jpeg utgembrn-089.jpeg utgembrn-090.jpeg utgembrn-091.jpeg utgembrn-092.jpeg utgembrn-093.jpeg utgembrn-094.jpeg utgembrn-095.jpeg utgembrn-096.jpeg utgembrn-097.jpeg utgembrn-098.jpeg utgembrn-099.jpeg utgembrn-100.jpeg utgembrn-101.jpeg utgembrn-102.jpeg utgembrn.jpeg
2018-05-03 12:42:17,781 [18] FATAL - [Exception] Exception : Le process n'a pas pu être exécuté correctement : System.ComponentModel.Win32Exception (0x80004005): No such file or directory
   at System.Diagnostics.Process.ResolvePath(String filename)
   at System.Diagnostics.Process.StartCore(ProcessStartInfo startInfo)
   at System.Diagnostics.Process.Start()
   at System.Diagnostics.Process.Start(ProcessStartInfo startInfo)
   at Uploader.Core.Managers.Common.ProcessManager.Launch(Int32 timeout) in /home/dr/Coding/dtube/ipfs-uploader/Uploader.Core/Managers/Common/ProcessManager.cs:line 95.
2018-05-03 12:42:17,785 [18] ERROR - [Error] Error creation sprite while combine images
2018-05-03 12:43:26,678 [17] INFO  - [Start Sprite] SourceFilePath xzpzffh5.mp4
2018-05-03 12:43:26,679 [17] INFO  - [Launch command] ffmpeg -y -i xzpzffh5.mp4 -r 100/126 -vf scale=158:118 -f image2 dedhveec-%03d.jpeg
2018-05-03 12:43:27,321 [17] INFO  - [Start Combine images] 101 images
2018-05-03 12:43:27,321 [17] INFO  - [Launch command] C:\ImageMagick\/montage -mode concatenate -tile 1x dedhveec-003.jpeg dedhveec-004.jpeg dedhveec-005.jpeg dedhveec-006.jpeg dedhveec-007.jpeg dedhveec-008.jpeg dedhveec-009.jpeg dedhveec-010.jpeg dedhveec-011.jpeg dedhveec-012.jpeg dedhveec-013.jpeg dedhveec-014.jpeg dedhveec-015.jpeg dedhveec-016.jpeg dedhveec-017.jpeg dedhveec-018.jpeg dedhveec-019.jpeg dedhveec-020.jpeg dedhveec-021.jpeg dedhveec-022.jpeg dedhveec-023.jpeg dedhveec-024.jpeg dedhveec-025.jpeg dedhveec-026.jpeg dedhveec-027.jpeg dedhveec-028.jpeg dedhveec-029.jpeg dedhveec-030.jpeg dedhveec-031.jpeg dedhveec-032.jpeg dedhveec-033.jpeg dedhveec-034.jpeg dedhveec-035.jpeg dedhveec-036.jpeg dedhveec-037.jpeg dedhveec-038.jpeg dedhveec-039.jpeg dedhveec-040.jpeg dedhveec-041.jpeg dedhveec-042.jpeg dedhveec-043.jpeg dedhveec-044.jpeg dedhveec-045.jpeg dedhveec-046.jpeg dedhveec-047.jpeg dedhveec-048.jpeg dedhveec-049.jpeg dedhveec-050.jpeg dedhveec-051.jpeg dedhveec-052.jpeg dedhveec-053.jpeg dedhveec-054.jpeg dedhveec-055.jpeg dedhveec-056.jpeg dedhveec-057.jpeg dedhveec-058.jpeg dedhveec-059.jpeg dedhveec-060.jpeg dedhveec-061.jpeg dedhveec-062.jpeg dedhveec-063.jpeg dedhveec-064.jpeg dedhveec-065.jpeg dedhveec-066.jpeg dedhveec-067.jpeg dedhveec-068.jpeg dedhveec-069.jpeg dedhveec-070.jpeg dedhveec-071.jpeg dedhveec-072.jpeg dedhveec-073.jpeg dedhveec-074.jpeg dedhveec-075.jpeg dedhveec-076.jpeg dedhveec-077.jpeg dedhveec-078.jpeg dedhveec-079.jpeg dedhveec-080.jpeg dedhveec-081.jpeg dedhveec-082.jpeg dedhveec-083.jpeg dedhveec-084.jpeg dedhveec-085.jpeg dedhveec-086.jpeg dedhveec-087.jpeg dedhveec-088.jpeg dedhveec-089.jpeg dedhveec-090.jpeg dedhveec-091.jpeg dedhveec-092.jpeg dedhveec-093.jpeg dedhveec-094.jpeg dedhveec-095.jpeg dedhveec-096.jpeg dedhveec-097.jpeg dedhveec-098.jpeg dedhveec-099.jpeg dedhveec-100.jpeg dedhveec-101.jpeg dedhveec-102.jpeg dedhveec.jpeg
2018-05-03 12:43:27,346 [17] FATAL - [Exception] Exception : Le process n'a pas pu être exécuté correctement : System.ComponentModel.Win32Exception (0x80004005): No such file or directory
   at System.Diagnostics.Process.ResolvePath(String filename)
   at System.Diagnostics.Process.StartCore(ProcessStartInfo startInfo)
   at System.Diagnostics.Process.Start()
   at System.Diagnostics.Process.Start(ProcessStartInfo startInfo)
   at Uploader.Core.Managers.Common.ProcessManager.Launch(Int32 timeout) in /home/dr/Coding/dtube/ipfs-uploader/Uploader.Core/Managers/Common/ProcessManager.cs:line 95.
2018-05-03 12:43:27,348 [17] ERROR - [Error] Error creation sprite while combine images
2018-05-03 12:44:17,924 [6] INFO  - [Start Sprite] SourceFilePath om5ff3mt.mp4
2018-05-03 12:44:17,924 [6] INFO  - [Launch command] ffmpeg -y -i om5ff3mt.mp4 -r 100/126 -vf scale=158:118 -f image2 d21lyfjq-%03d.jpeg
2018-05-03 12:44:18,565 [6] INFO  - [Start Combine images] 101 images
2018-05-03 12:44:18,565 [6] INFO  - [Launch command] C:\ImageMagick\/montage -mode concatenate -tile 1x d21lyfjq-003.jpeg d21lyfjq-004.jpeg d21lyfjq-005.jpeg d21lyfjq-006.jpeg d21lyfjq-007.jpeg d21lyfjq-008.jpeg d21lyfjq-009.jpeg d21lyfjq-010.jpeg d21lyfjq-011.jpeg d21lyfjq-012.jpeg d21lyfjq-013.jpeg d21lyfjq-014.jpeg d21lyfjq-015.jpeg d21lyfjq-016.jpeg d21lyfjq-017.jpeg d21lyfjq-018.jpeg d21lyfjq-019.jpeg d21lyfjq-020.jpeg d21lyfjq-021.jpeg d21lyfjq-022.jpeg d21lyfjq-023.jpeg d21lyfjq-024.jpeg d21lyfjq-025.jpeg d21lyfjq-026.jpeg d21lyfjq-027.jpeg d21lyfjq-028.jpeg d21lyfjq-029.jpeg d21lyfjq-030.jpeg d21lyfjq-031.jpeg d21lyfjq-032.jpeg d21lyfjq-033.jpeg d21lyfjq-034.jpeg d21lyfjq-035.jpeg d21lyfjq-036.jpeg d21lyfjq-037.jpeg d21lyfjq-038.jpeg d21lyfjq-039.jpeg d21lyfjq-040.jpeg d21lyfjq-041.jpeg d21lyfjq-042.jpeg d21lyfjq-043.jpeg d21lyfjq-044.jpeg d21lyfjq-045.jpeg d21lyfjq-046.jpeg d21lyfjq-047.jpeg d21lyfjq-048.jpeg d21lyfjq-049.jpeg d21lyfjq-050.jpeg d21lyfjq-051.jpeg d21lyfjq-052.jpeg d21lyfjq-053.jpeg d21lyfjq-054.jpeg d21lyfjq-055.jpeg d21lyfjq-056.jpeg d21lyfjq-057.jpeg d21lyfjq-058.jpeg d21lyfjq-059.jpeg d21lyfjq-060.jpeg d21lyfjq-061.jpeg d21lyfjq-062.jpeg d21lyfjq-063.jpeg d21lyfjq-064.jpeg d21lyfjq-065.jpeg d21lyfjq-066.jpeg d21lyfjq-067.jpeg d21lyfjq-068.jpeg d21lyfjq-069.jpeg d21lyfjq-070.jpeg d21lyfjq-071.jpeg d21lyfjq-072.jpeg d21lyfjq-073.jpeg d21lyfjq-074.jpeg d21lyfjq-075.jpeg d21lyfjq-076.jpeg d21lyfjq-077.jpeg d21lyfjq-078.jpeg d21lyfjq-079.jpeg d21lyfjq-080.jpeg d21lyfjq-081.jpeg d21lyfjq-082.jpeg d21lyfjq-083.jpeg d21lyfjq-084.jpeg d21lyfjq-085.jpeg d21lyfjq-086.jpeg d21lyfjq-087.jpeg d21lyfjq-088.jpeg d21lyfjq-089.jpeg d21lyfjq-090.jpeg d21lyfjq-091.jpeg d21lyfjq-092.jpeg d21lyfjq-093.jpeg d21lyfjq-094.jpeg d21lyfjq-095.jpeg d21lyfjq-096.jpeg d21lyfjq-097.jpeg d21lyfjq-098.jpeg d21lyfjq-099.jpeg d21lyfjq-100.jpeg d21lyfjq-101.jpeg d21lyfjq-102.jpeg d21lyfjq.jpeg
2018-05-03 12:44:18,590 [6] FATAL - [Exception] Exception : Le process n'a pas pu être exécuté correctement : System.ComponentModel.Win32Exception (0x80004005): No such file or directory
   at System.Diagnostics.Process.ResolvePath(String filename)
   at System.Diagnostics.Process.StartCore(ProcessStartInfo startInfo)
   at System.Diagnostics.Process.Start()
   at System.Diagnostics.Process.Start(ProcessStartInfo startInfo)
   at Uploader.Core.Managers.Common.ProcessManager.Launch(Int32 timeout) in /home/dr/Coding/dtube/ipfs-uploader/Uploader.Core/Managers/Common/ProcessManager.cs:line 95.
2018-05-03 12:44:18,593 [6] ERROR - [Error] Error creation sprite while combine images
2018-05-03 12:57:12,273 [7] INFO  - [Start Sprite] SourceFilePath 0rmxcemf.mp4
2018-05-03 12:57:12,273 [7] INFO  - [Launch command] ffmpeg -y -i 0rmxcemf.mp4 -r 100/126 -vf scale=158:118 -f image2 nl2ozzao-%03d.jpeg
2018-05-03 12:57:13,019 [7] INFO  - [Start Combine images] 101 images
2018-05-03 12:57:13,020 [7] INFO  - [Launch command] C:\ImageMagick\/montage -mode concatenate -tile 1x nl2ozzao-003.jpeg nl2ozzao-004.jpeg nl2ozzao-005.jpeg nl2ozzao-006.jpeg nl2ozzao-007.jpeg nl2ozzao-008.jpeg nl2ozzao-009.jpeg nl2ozzao-010.jpeg nl2ozzao-011.jpeg nl2ozzao-012.jpeg nl2ozzao-013.jpeg nl2ozzao-014.jpeg nl2ozzao-015.jpeg nl2ozzao-016.jpeg nl2ozzao-017.jpeg nl2ozzao-018.jpeg nl2ozzao-019.jpeg nl2ozzao-020.jpeg nl2ozzao-021.jpeg nl2ozzao-022.jpeg nl2ozzao-023.jpeg nl2ozzao-024.jpeg nl2ozzao-025.jpeg nl2ozzao-026.jpeg nl2ozzao-027.jpeg nl2ozzao-028.jpeg nl2ozzao-029.jpeg nl2ozzao-030.jpeg nl2ozzao-031.jpeg nl2ozzao-032.jpeg nl2ozzao-033.jpeg nl2ozzao-034.jpeg nl2ozzao-035.jpeg nl2ozzao-036.jpeg nl2ozzao-037.jpeg nl2ozzao-038.jpeg nl2ozzao-039.jpeg nl2ozzao-040.jpeg nl2ozzao-041.jpeg nl2ozzao-042.jpeg nl2ozzao-043.jpeg nl2ozzao-044.jpeg nl2ozzao-045.jpeg nl2ozzao-046.jpeg nl2ozzao-047.jpeg nl2ozzao-048.jpeg nl2ozzao-049.jpeg nl2ozzao-050.jpeg nl2ozzao-051.jpeg nl2ozzao-052.jpeg nl2ozzao-053.jpeg nl2ozzao-054.jpeg nl2ozzao-055.jpeg nl2ozzao-056.jpeg nl2ozzao-057.jpeg nl2ozzao-058.jpeg nl2ozzao-059.jpeg nl2ozzao-060.jpeg nl2ozzao-061.jpeg nl2ozzao-062.jpeg nl2ozzao-063.jpeg nl2ozzao-064.jpeg nl2ozzao-065.jpeg nl2ozzao-066.jpeg nl2ozzao-067.jpeg nl2ozzao-068.jpeg nl2ozzao-069.jpeg nl2ozzao-070.jpeg nl2ozzao-071.jpeg nl2ozzao-072.jpeg nl2ozzao-073.jpeg nl2ozzao-074.jpeg nl2ozzao-075.jpeg nl2ozzao-076.jpeg nl2ozzao-077.jpeg nl2ozzao-078.jpeg nl2ozzao-079.jpeg nl2ozzao-080.jpeg nl2ozzao-081.jpeg nl2ozzao-082.jpeg nl2ozzao-083.jpeg nl2ozzao-084.jpeg nl2ozzao-085.jpeg nl2ozzao-086.jpeg nl2ozzao-087.jpeg nl2ozzao-088.jpeg nl2ozzao-089.jpeg nl2ozzao-090.jpeg nl2ozzao-091.jpeg nl2ozzao-092.jpeg nl2ozzao-093.jpeg nl2ozzao-094.jpeg nl2ozzao-095.jpeg nl2ozzao-096.jpeg nl2ozzao-097.jpeg nl2ozzao-098.jpeg nl2ozzao-099.jpeg nl2ozzao-100.jpeg nl2ozzao-101.jpeg nl2ozzao-102.jpeg nl2ozzao.jpeg
2018-05-03 12:57:13,047 [7] FATAL - [Exception] Exception : Le process n'a pas pu être exécuté correctement : System.ComponentModel.Win32Exception (0x80004005): No such file or directory
   at System.Diagnostics.Process.ResolvePath(String filename)
   at System.Diagnostics.Process.StartCore(ProcessStartInfo startInfo)
   at System.Diagnostics.Process.Start()
   at System.Diagnostics.Process.Start(ProcessStartInfo startInfo)
   at Uploader.Core.Managers.Common.ProcessManager.Launch(Int32 timeout) in /home/dr/Coding/dtube/ipfs-uploader/Uploader.Core/Managers/Common/ProcessManager.cs:line 95.
2018-05-03 12:57:13,049 [7] ERROR - [Error] Error creation sprite while combine images
2018-05-03 12:58:10,746 [15] INFO  - [Start Sprite] SourceFilePath vpzzpicy.mp4
2018-05-03 12:58:10,746 [15] INFO  - [Launch command] ffmpeg -y -i vpzzpicy.mp4 -r 100/126 -vf scale=158:118 -f image2 s5ldem11-%03d.jpeg
2018-05-03 12:58:11,493 [15] INFO  - [Start Combine images] 101 images
2018-05-03 12:58:11,493 [15] INFO  - [Launch command] C:\ImageMagick\/montage -mode concatenate -tile 1x s5ldem11-003.jpeg s5ldem11-004.jpeg s5ldem11-005.jpeg s5ldem11-006.jpeg s5ldem11-007.jpeg s5ldem11-008.jpeg s5ldem11-009.jpeg s5ldem11-010.jpeg s5ldem11-011.jpeg s5ldem11-012.jpeg s5ldem11-013.jpeg s5ldem11-014.jpeg s5ldem11-015.jpeg s5ldem11-016.jpeg s5ldem11-017.jpeg s5ldem11-018.jpeg s5ldem11-019.jpeg s5ldem11-020.jpeg s5ldem11-021.jpeg s5ldem11-022.jpeg s5ldem11-023.jpeg s5ldem11-024.jpeg s5ldem11-025.jpeg s5ldem11-026.jpeg s5ldem11-027.jpeg s5ldem11-028.jpeg s5ldem11-029.jpeg s5ldem11-030.jpeg s5ldem11-031.jpeg s5ldem11-032.jpeg s5ldem11-033.jpeg s5ldem11-034.jpeg s5ldem11-035.jpeg s5ldem11-036.jpeg s5ldem11-037.jpeg s5ldem11-038.jpeg s5ldem11-039.jpeg s5ldem11-040.jpeg s5ldem11-041.jpeg s5ldem11-042.jpeg s5ldem11-043.jpeg s5ldem11-044.jpeg s5ldem11-045.jpeg s5ldem11-046.jpeg s5ldem11-047.jpeg s5ldem11-048.jpeg s5ldem11-049.jpeg s5ldem11-050.jpeg s5ldem11-051.jpeg s5ldem11-052.jpeg s5ldem11-053.jpeg s5ldem11-054.jpeg s5ldem11-055.jpeg s5ldem11-056.jpeg s5ldem11-057.jpeg s5ldem11-058.jpeg s5ldem11-059.jpeg s5ldem11-060.jpeg s5ldem11-061.jpeg s5ldem11-062.jpeg s5ldem11-063.jpeg s5ldem11-064.jpeg s5ldem11-065.jpeg s5ldem11-066.jpeg s5ldem11-067.jpeg s5ldem11-068.jpeg s5ldem11-069.jpeg s5ldem11-070.jpeg s5ldem11-071.jpeg s5ldem11-072.jpeg s5ldem11-073.jpeg s5ldem11-074.jpeg s5ldem11-075.jpeg s5ldem11-076.jpeg s5ldem11-077.jpeg s5ldem11-078.jpeg s5ldem11-079.jpeg s5ldem11-080.jpeg s5ldem11-081.jpeg s5ldem11-082.jpeg s5ldem11-083.jpeg s5ldem11-084.jpeg s5ldem11-085.jpeg s5ldem11-086.jpeg s5ldem11-087.jpeg s5ldem11-088.jpeg s5ldem11-089.jpeg s5ldem11-090.jpeg s5ldem11-091.jpeg s5ldem11-092.jpeg s5ldem11-093.jpeg s5ldem11-094.jpeg s5ldem11-095.jpeg s5ldem11-096.jpeg s5ldem11-097.jpeg s5ldem11-098.jpeg s5ldem11-099.jpeg s5ldem11-100.jpeg s5ldem11-101.jpeg s5ldem11-102.jpeg s5ldem11.jpeg
2018-05-03 12:58:11,525 [15] FATAL - [Exception] Exception : Le process n'a pas pu être exécuté correctement : System.ComponentModel.Win32Exception (0x80004005): No such file or directory
   at System.Diagnostics.Process.ResolvePath(String filename)
   at System.Diagnostics.Process.StartCore(ProcessStartInfo startInfo)
   at System.Diagnostics.Process.Start()
   at System.Diagnostics.Process.Start(ProcessStartInfo startInfo)
   at Uploader.Core.Managers.Common.ProcessManager.Launch(Int32 timeout) in /home/dr/Coding/dtube/ipfs-uploader/Uploader.Core/Managers/Common/ProcessManager.cs:line 95.
2018-05-03 12:58:11,528 [15] ERROR - [Error] Error creation sprite while combine images
2018-05-03 12:58:45,534 [15] INFO  - [Start Sprite] SourceFilePath uwtg35l5.mp4
2018-05-03 12:58:45,534 [15] INFO  - [Launch command] ffmpeg -y -i uwtg35l5.mp4 -r 100/126 -vf scale=158:118 -f image2 5e3ux1qh-%03d.jpeg
2018-05-03 12:58:46,280 [15] INFO  - [Start Combine images] 101 images
2018-05-03 12:58:46,281 [15] INFO  - [Launch command] C:\ImageMagick\/montage -mode concatenate -tile 1x 5e3ux1qh-003.jpeg 5e3ux1qh-004.jpeg 5e3ux1qh-005.jpeg 5e3ux1qh-006.jpeg 5e3ux1qh-007.jpeg 5e3ux1qh-008.jpeg 5e3ux1qh-009.jpeg 5e3ux1qh-010.jpeg 5e3ux1qh-011.jpeg 5e3ux1qh-012.jpeg 5e3ux1qh-013.jpeg 5e3ux1qh-014.jpeg 5e3ux1qh-015.jpeg 5e3ux1qh-016.jpeg 5e3ux1qh-017.jpeg 5e3ux1qh-018.jpeg 5e3ux1qh-019.jpeg 5e3ux1qh-020.jpeg 5e3ux1qh-021.jpeg 5e3ux1qh-022.jpeg 5e3ux1qh-023.jpeg 5e3ux1qh-024.jpeg 5e3ux1qh-025.jpeg 5e3ux1qh-026.jpeg 5e3ux1qh-027.jpeg 5e3ux1qh-028.jpeg 5e3ux1qh-029.jpeg 5e3ux1qh-030.jpeg 5e3ux1qh-031.jpeg 5e3ux1qh-032.jpeg 5e3ux1qh-033.jpeg 5e3ux1qh-034.jpeg 5e3ux1qh-035.jpeg 5e3ux1qh-036.jpeg 5e3ux1qh-037.jpeg 5e3ux1qh-038.jpeg 5e3ux1qh-039.jpeg 5e3ux1qh-040.jpeg 5e3ux1qh-041.jpeg 5e3ux1qh-042.jpeg 5e3ux1qh-043.jpeg 5e3ux1qh-044.jpeg 5e3ux1qh-045.jpeg 5e3ux1qh-046.jpeg 5e3ux1qh-047.jpeg 5e3ux1qh-048.jpeg 5e3ux1qh-049.jpeg 5e3ux1qh-050.jpeg 5e3ux1qh-051.jpeg 5e3ux1qh-052.jpeg 5e3ux1qh-053.jpeg 5e3ux1qh-054.jpeg 5e3ux1qh-055.jpeg 5e3ux1qh-056.jpeg 5e3ux1qh-057.jpeg 5e3ux1qh-058.jpeg 5e3ux1qh-059.jpeg 5e3ux1qh-060.jpeg 5e3ux1qh-061.jpeg 5e3ux1qh-062.jpeg 5e3ux1qh-063.jpeg 5e3ux1qh-064.jpeg 5e3ux1qh-065.jpeg 5e3ux1qh-066.jpeg 5e3ux1qh-067.jpeg 5e3ux1qh-068.jpeg 5e3ux1qh-069.jpeg 5e3ux1qh-070.jpeg 5e3ux1qh-071.jpeg 5e3ux1qh-072.jpeg 5e3ux1qh-073.jpeg 5e3ux1qh-074.jpeg 5e3ux1qh-075.jpeg 5e3ux1qh-076.jpeg 5e3ux1qh-077.jpeg 5e3ux1qh-078.jpeg 5e3ux1qh-079.jpeg 5e3ux1qh-080.jpeg 5e3ux1qh-081.jpeg 5e3ux1qh-082.jpeg 5e3ux1qh-083.jpeg 5e3ux1qh-084.jpeg 5e3ux1qh-085.jpeg 5e3ux1qh-086.jpeg 5e3ux1qh-087.jpeg 5e3ux1qh-088.jpeg 5e3ux1qh-089.jpeg 5e3ux1qh-090.jpeg 5e3ux1qh-091.jpeg 5e3ux1qh-092.jpeg 5e3ux1qh-093.jpeg 5e3ux1qh-094.jpeg 5e3ux1qh-095.jpeg 5e3ux1qh-096.jpeg 5e3ux1qh-097.jpeg 5e3ux1qh-098.jpeg 5e3ux1qh-099.jpeg 5e3ux1qh-100.jpeg 5e3ux1qh-101.jpeg 5e3ux1qh-102.jpeg 5e3ux1qh.jpeg
2018-05-03 12:58:46,283 [15] FATAL - [Exception] Exception : Le process n'a pas pu être exécuté correctement : System.ComponentModel.Win32Exception (0x80004005): No such file or directory
   at System.Diagnostics.Process.ResolvePath(String filename)
   at System.Diagnostics.Process.StartCore(ProcessStartInfo startInfo)
   at System.Diagnostics.Process.Start()
   at System.Diagnostics.Process.Start(ProcessStartInfo startInfo)
   at Uploader.Core.Managers.Common.ProcessManager.Launch(Int32 timeout) in /home/dr/Coding/dtube/ipfs-uploader/Uploader.Core/Managers/Common/ProcessManager.cs:line 95.
2018-05-03 12:58:46,284 [15] ERROR - [Error] Error creation sprite while combine images
2018-05-03 13:00:06,677 [17] INFO  - [Start Sprite] SourceFilePath klbstkkc.mp4
2018-05-03 13:00:06,678 [17] INFO  - [Launch command] ffmpeg -y -i klbstkkc.mp4 -r 100/126 -vf scale=158:118 -f image2 yac3ijkr-%03d.jpeg
2018-05-03 13:00:07,322 [17] INFO  - [Start Combine images] 101 images
2018-05-03 13:00:07,323 [17] INFO  - [Launch command] C:\ImageMagick\/montage -mode concatenate -tile 1x yac3ijkr-003.jpeg yac3ijkr-004.jpeg yac3ijkr-005.jpeg yac3ijkr-006.jpeg yac3ijkr-007.jpeg yac3ijkr-008.jpeg yac3ijkr-009.jpeg yac3ijkr-010.jpeg yac3ijkr-011.jpeg yac3ijkr-012.jpeg yac3ijkr-013.jpeg yac3ijkr-014.jpeg yac3ijkr-015.jpeg yac3ijkr-016.jpeg yac3ijkr-017.jpeg yac3ijkr-018.jpeg yac3ijkr-019.jpeg yac3ijkr-020.jpeg yac3ijkr-021.jpeg yac3ijkr-022.jpeg yac3ijkr-023.jpeg yac3ijkr-024.jpeg yac3ijkr-025.jpeg yac3ijkr-026.jpeg yac3ijkr-027.jpeg yac3ijkr-028.jpeg yac3ijkr-029.jpeg yac3ijkr-030.jpeg yac3ijkr-031.jpeg yac3ijkr-032.jpeg yac3ijkr-033.jpeg yac3ijkr-034.jpeg yac3ijkr-035.jpeg yac3ijkr-036.jpeg yac3ijkr-037.jpeg yac3ijkr-038.jpeg yac3ijkr-039.jpeg yac3ijkr-040.jpeg yac3ijkr-041.jpeg yac3ijkr-042.jpeg yac3ijkr-043.jpeg yac3ijkr-044.jpeg yac3ijkr-045.jpeg yac3ijkr-046.jpeg yac3ijkr-047.jpeg yac3ijkr-048.jpeg yac3ijkr-049.jpeg yac3ijkr-050.jpeg yac3ijkr-051.jpeg yac3ijkr-052.jpeg yac3ijkr-053.jpeg yac3ijkr-054.jpeg yac3ijkr-055.jpeg yac3ijkr-056.jpeg yac3ijkr-057.jpeg yac3ijkr-058.jpeg yac3ijkr-059.jpeg yac3ijkr-060.jpeg yac3ijkr-061.jpeg yac3ijkr-062.jpeg yac3ijkr-063.jpeg yac3ijkr-064.jpeg yac3ijkr-065.jpeg yac3ijkr-066.jpeg yac3ijkr-067.jpeg yac3ijkr-068.jpeg yac3ijkr-069.jpeg yac3ijkr-070.jpeg yac3ijkr-071.jpeg yac3ijkr-072.jpeg yac3ijkr-073.jpeg yac3ijkr-074.jpeg yac3ijkr-075.jpeg yac3ijkr-076.jpeg yac3ijkr-077.jpeg yac3ijkr-078.jpeg yac3ijkr-079.jpeg yac3ijkr-080.jpeg yac3ijkr-081.jpeg yac3ijkr-082.jpeg yac3ijkr-083.jpeg yac3ijkr-084.jpeg yac3ijkr-085.jpeg yac3ijkr-086.jpeg yac3ijkr-087.jpeg yac3ijkr-088.jpeg yac3ijkr-089.jpeg yac3ijkr-090.jpeg yac3ijkr-091.jpeg yac3ijkr-092.jpeg yac3ijkr-093.jpeg yac3ijkr-094.jpeg yac3ijkr-095.jpeg yac3ijkr-096.jpeg yac3ijkr-097.jpeg yac3ijkr-098.jpeg yac3ijkr-099.jpeg yac3ijkr-100.jpeg yac3ijkr-101.jpeg yac3ijkr-102.jpeg yac3ijkr.jpeg
2018-05-03 13:00:07,347 [17] FATAL - [Exception] Exception : Le process n'a pas pu être exécuté correctement : System.ComponentModel.Win32Exception (0x80004005): No such file or directory
   at System.Diagnostics.Process.ResolvePath(String filename)
   at System.Diagnostics.Process.StartCore(ProcessStartInfo startInfo)
   at System.Diagnostics.Process.Start()
   at System.Diagnostics.Process.Start(ProcessStartInfo startInfo)
   at Uploader.Core.Managers.Common.ProcessManager.Launch(Int32 timeout) in /home/dr/Coding/dtube/ipfs-uploader/Uploader.Core/Managers/Common/ProcessManager.cs:line 95.
2018-05-03 13:00:07,349 [17] ERROR - [Error] Error creation sprite while combine images
2018-05-03 13:23:25,604 [13] INFO  - [Start Sprite] SourceFilePath xvagfjbc.mp4
2018-05-03 13:23:25,604 [13] INFO  - [Launch command] ffmpeg -y -i xvagfjbc.mp4 -r 100/126 -vf scale=158:118 -f image2 yenfxj3z-%03d.jpeg
2018-05-03 13:23:26,247 [13] INFO  - [Start Combine images] 101 images
2018-05-03 13:23:26,247 [13] INFO  - [Launch command] C:\ImageMagick\/montage -mode concatenate -tile 1x yenfxj3z-003.jpeg yenfxj3z-004.jpeg yenfxj3z-005.jpeg yenfxj3z-006.jpeg yenfxj3z-007.jpeg yenfxj3z-008.jpeg yenfxj3z-009.jpeg yenfxj3z-010.jpeg yenfxj3z-011.jpeg yenfxj3z-012.jpeg yenfxj3z-013.jpeg yenfxj3z-014.jpeg yenfxj3z-015.jpeg yenfxj3z-016.jpeg yenfxj3z-017.jpeg yenfxj3z-018.jpeg yenfxj3z-019.jpeg yenfxj3z-020.jpeg yenfxj3z-021.jpeg yenfxj3z-022.jpeg yenfxj3z-023.jpeg yenfxj3z-024.jpeg yenfxj3z-025.jpeg yenfxj3z-026.jpeg yenfxj3z-027.jpeg yenfxj3z-028.jpeg yenfxj3z-029.jpeg yenfxj3z-030.jpeg yenfxj3z-031.jpeg yenfxj3z-032.jpeg yenfxj3z-033.jpeg yenfxj3z-034.jpeg yenfxj3z-035.jpeg yenfxj3z-036.jpeg yenfxj3z-037.jpeg yenfxj3z-038.jpeg yenfxj3z-039.jpeg yenfxj3z-040.jpeg yenfxj3z-041.jpeg yenfxj3z-042.jpeg yenfxj3z-043.jpeg yenfxj3z-044.jpeg yenfxj3z-045.jpeg yenfxj3z-046.jpeg yenfxj3z-047.jpeg yenfxj3z-048.jpeg yenfxj3z-049.jpeg yenfxj3z-050.jpeg yenfxj3z-051.jpeg yenfxj3z-052.jpeg yenfxj3z-053.jpeg yenfxj3z-054.jpeg yenfxj3z-055.jpeg yenfxj3z-056.jpeg yenfxj3z-057.jpeg yenfxj3z-058.jpeg yenfxj3z-059.jpeg yenfxj3z-060.jpeg yenfxj3z-061.jpeg yenfxj3z-062.jpeg yenfxj3z-063.jpeg yenfxj3z-064.jpeg yenfxj3z-065.jpeg yenfxj3z-066.jpeg yenfxj3z-067.jpeg yenfxj3z-068.jpeg yenfxj3z-069.jpeg yenfxj3z-070.jpeg yenfxj3z-071.jpeg yenfxj3z-072.jpeg yenfxj3z-073.jpeg yenfxj3z-074.jpeg yenfxj3z-075.jpeg yenfxj3z-076.jpeg yenfxj3z-077.jpeg yenfxj3z-078.jpeg yenfxj3z-079.jpeg yenfxj3z-080.jpeg yenfxj3z-081.jpeg yenfxj3z-082.jpeg yenfxj3z-083.jpeg yenfxj3z-084.jpeg yenfxj3z-085.jpeg yenfxj3z-086.jpeg yenfxj3z-087.jpeg yenfxj3z-088.jpeg yenfxj3z-089.jpeg yenfxj3z-090.jpeg yenfxj3z-091.jpeg yenfxj3z-092.jpeg yenfxj3z-093.jpeg yenfxj3z-094.jpeg yenfxj3z-095.jpeg yenfxj3z-096.jpeg yenfxj3z-097.jpeg yenfxj3z-098.jpeg yenfxj3z-099.jpeg yenfxj3z-100.jpeg yenfxj3z-101.jpeg yenfxj3z-102.jpeg yenfxj3z.jpeg
2018-05-03 13:23:26,273 [13] FATAL - [Exception] Exception : Le process n'a pas pu être exécuté correctement : System.ComponentModel.Win32Exception (0x80004005): No such file or directory
   at System.Diagnostics.Process.ResolvePath(String filename)
   at System.Diagnostics.Process.StartCore(ProcessStartInfo startInfo)
   at System.Diagnostics.Process.Start()
   at System.Diagnostics.Process.Start(ProcessStartInfo startInfo)
   at Uploader.Core.Managers.Common.ProcessManager.Launch(Int32 timeout) in /home/dr/Coding/dtube/ipfs-uploader/Uploader.Core/Managers/Common/ProcessManager.cs:line 95.
2018-05-03 13:23:26,276 [13] ERROR - [Error] Error creation sprite while combine images
2018-05-03 13:25:54,115 [7] INFO  - [Start Sprite] SourceFilePath k3sex4bj.mp4
2018-05-03 13:25:54,116 [7] INFO  - [Launch command] ffmpeg -y -i k3sex4bj.mp4 -r 100/126 -vf scale=158:118 -f image2 wtw00bta-%03d.jpeg
2018-05-03 13:25:54,863 [7] INFO  - [Start Combine images] 101 images
2018-05-03 13:25:54,863 [7] INFO  - [Launch command] C:\ImageMagick\/montage -mode concatenate -tile 1x wtw00bta-003.jpeg wtw00bta-004.jpeg wtw00bta-005.jpeg wtw00bta-006.jpeg wtw00bta-007.jpeg wtw00bta-008.jpeg wtw00bta-009.jpeg wtw00bta-010.jpeg wtw00bta-011.jpeg wtw00bta-012.jpeg wtw00bta-013.jpeg wtw00bta-014.jpeg wtw00bta-015.jpeg wtw00bta-016.jpeg wtw00bta-017.jpeg wtw00bta-018.jpeg wtw00bta-019.jpeg wtw00bta-020.jpeg wtw00bta-021.jpeg wtw00bta-022.jpeg wtw00bta-023.jpeg wtw00bta-024.jpeg wtw00bta-025.jpeg wtw00bta-026.jpeg wtw00bta-027.jpeg wtw00bta-028.jpeg wtw00bta-029.jpeg wtw00bta-030.jpeg wtw00bta-031.jpeg wtw00bta-032.jpeg wtw00bta-033.jpeg wtw00bta-034.jpeg wtw00bta-035.jpeg wtw00bta-036.jpeg wtw00bta-037.jpeg wtw00bta-038.jpeg wtw00bta-039.jpeg wtw00bta-040.jpeg wtw00bta-041.jpeg wtw00bta-042.jpeg wtw00bta-043.jpeg wtw00bta-044.jpeg wtw00bta-045.jpeg wtw00bta-046.jpeg wtw00bta-047.jpeg wtw00bta-048.jpeg wtw00bta-049.jpeg wtw00bta-050.jpeg wtw00bta-051.jpeg wtw00bta-052.jpeg wtw00bta-053.jpeg wtw00bta-054.jpeg wtw00bta-055.jpeg wtw00bta-056.jpeg wtw00bta-057.jpeg wtw00bta-058.jpeg wtw00bta-059.jpeg wtw00bta-060.jpeg wtw00bta-061.jpeg wtw00bta-062.jpeg wtw00bta-063.jpeg wtw00bta-064.jpeg wtw00bta-065.jpeg wtw00bta-066.jpeg wtw00bta-067.jpeg wtw00bta-068.jpeg wtw00bta-069.jpeg wtw00bta-070.jpeg wtw00bta-071.jpeg wtw00bta-072.jpeg wtw00bta-073.jpeg wtw00bta-074.jpeg wtw00bta-075.jpeg wtw00bta-076.jpeg wtw00bta-077.jpeg wtw00bta-078.jpeg wtw00bta-079.jpeg wtw00bta-080.jpeg wtw00bta-081.jpeg wtw00bta-082.jpeg wtw00bta-083.jpeg wtw00bta-084.jpeg wtw00bta-085.jpeg wtw00bta-086.jpeg wtw00bta-087.jpeg wtw00bta-088.jpeg wtw00bta-089.jpeg wtw00bta-090.jpeg wtw00bta-091.jpeg wtw00bta-092.jpeg wtw00bta-093.jpeg wtw00bta-094.jpeg wtw00bta-095.jpeg wtw00bta-096.jpeg wtw00bta-097.jpeg wtw00bta-098.jpeg wtw00bta-099.jpeg wtw00bta-100.jpeg wtw00bta-101.jpeg wtw00bta-102.jpeg wtw00bta.jpeg
2018-05-03 13:25:54,895 [7] FATAL - [Exception] Exception : Le process n'a pas pu être exécuté correctement : System.ComponentModel.Win32Exception (0x80004005): No such file or directory
   at System.Diagnostics.Process.ResolvePath(String filename)
   at System.Diagnostics.Process.StartCore(ProcessStartInfo startInfo)
   at System.Diagnostics.Process.Start()
   at System.Diagnostics.Process.Start(ProcessStartInfo startInfo)
   at Uploader.Core.Managers.Common.ProcessManager.Launch(Int32 timeout) in /home/dr/Coding/dtube/ipfs-uploader/Uploader.Core/Managers/Common/ProcessManager.cs:line 95.
2018-05-03 13:25:54,898 [7] ERROR - [Error] Error creation sprite while combine images
2018-05-03 13:27:47,721 [15] INFO  - [Start Sprite] SourceFilePath mpv1q5se.mp4
2018-05-03 13:27:47,721 [15] INFO  - [Launch command] ffmpeg -y -i mpv1q5se.mp4 -r 100/126 -vf scale=158:118 -f image2 xghcv0f5-%03d.jpeg
2018-05-03 13:27:48,466 [15] INFO  - [Start Combine images] 101 images
2018-05-03 13:27:48,466 [15] INFO  - [Launch command] C:\ImageMagick\/montage -mode concatenate -tile 1x xghcv0f5-003.jpeg xghcv0f5-004.jpeg xghcv0f5-005.jpeg xghcv0f5-006.jpeg xghcv0f5-007.jpeg xghcv0f5-008.jpeg xghcv0f5-009.jpeg xghcv0f5-010.jpeg xghcv0f5-011.jpeg xghcv0f5-012.jpeg xghcv0f5-013.jpeg xghcv0f5-014.jpeg xghcv0f5-015.jpeg xghcv0f5-016.jpeg xghcv0f5-017.jpeg xghcv0f5-018.jpeg xghcv0f5-019.jpeg xghcv0f5-020.jpeg xghcv0f5-021.jpeg xghcv0f5-022.jpeg xghcv0f5-023.jpeg xghcv0f5-024.jpeg xghcv0f5-025.jpeg xghcv0f5-026.jpeg xghcv0f5-027.jpeg xghcv0f5-028.jpeg xghcv0f5-029.jpeg xghcv0f5-030.jpeg xghcv0f5-031.jpeg xghcv0f5-032.jpeg xghcv0f5-033.jpeg xghcv0f5-034.jpeg xghcv0f5-035.jpeg xghcv0f5-036.jpeg xghcv0f5-037.jpeg xghcv0f5-038.jpeg xghcv0f5-039.jpeg xghcv0f5-040.jpeg xghcv0f5-041.jpeg xghcv0f5-042.jpeg xghcv0f5-043.jpeg xghcv0f5-044.jpeg xghcv0f5-045.jpeg xghcv0f5-046.jpeg xghcv0f5-047.jpeg xghcv0f5-048.jpeg xghcv0f5-049.jpeg xghcv0f5-050.jpeg xghcv0f5-051.jpeg xghcv0f5-052.jpeg xghcv0f5-053.jpeg xghcv0f5-054.jpeg xghcv0f5-055.jpeg xghcv0f5-056.jpeg xghcv0f5-057.jpeg xghcv0f5-058.jpeg xghcv0f5-059.jpeg xghcv0f5-060.jpeg xghcv0f5-061.jpeg xghcv0f5-062.jpeg xghcv0f5-063.jpeg xghcv0f5-064.jpeg xghcv0f5-065.jpeg xghcv0f5-066.jpeg xghcv0f5-067.jpeg xghcv0f5-068.jpeg xghcv0f5-069.jpeg xghcv0f5-070.jpeg xghcv0f5-071.jpeg xghcv0f5-072.jpeg xghcv0f5-073.jpeg xghcv0f5-074.jpeg xghcv0f5-075.jpeg xghcv0f5-076.jpeg xghcv0f5-077.jpeg xghcv0f5-078.jpeg xghcv0f5-079.jpeg xghcv0f5-080.jpeg xghcv0f5-081.jpeg xghcv0f5-082.jpeg xghcv0f5-083.jpeg xghcv0f5-084.jpeg xghcv0f5-085.jpeg xghcv0f5-086.jpeg xghcv0f5-087.jpeg xghcv0f5-088.jpeg xghcv0f5-089.jpeg xghcv0f5-090.jpeg xghcv0f5-091.jpeg xghcv0f5-092.jpeg xghcv0f5-093.jpeg xghcv0f5-094.jpeg xghcv0f5-095.jpeg xghcv0f5-096.jpeg xghcv0f5-097.jpeg xghcv0f5-098.jpeg xghcv0f5-099.jpeg xghcv0f5-100.jpeg xghcv0f5-101.jpeg xghcv0f5-102.jpeg xghcv0f5.jpeg
2018-05-03 13:27:48,499 [15] FATAL - [Exception] Exception : Le process n'a pas pu être exécuté correctement : System.ComponentModel.Win32Exception (0x80004005): No such file or directory
   at System.Diagnostics.Process.ResolvePath(String filename)
   at System.Diagnostics.Process.StartCore(ProcessStartInfo startInfo)
   at System.Diagnostics.Process.Start()
   at System.Diagnostics.Process.Start(ProcessStartInfo startInfo)
   at Uploader.Core.Managers.Common.ProcessManager.Launch(Int32 timeout) in /home/dr/Coding/dtube/ipfs-uploader/Uploader.Core/Managers/Common/ProcessManager.cs:line 95.
2018-05-03 13:27:48,501 [15] ERROR - [Error] Error creation sprite while combine images
